INFO [2019-01-20 09:22:22] [[1]]
INFO [2019-01-20 09:22:22] x
INFO [2019-01-20 09:22:22] 
INFO [2019-01-20 09:22:22] [[2]]
INFO [2019-01-20 09:22:22] NULL
INFO [2019-01-20 09:22:22] 
INFO [2019-01-20 09:22:22] $lty
INFO [2019-01-20 09:22:22] [1] "blank"
INFO [2019-01-20 09:22:22] 
INFO [2019-01-20 09:22:22] $fill
INFO [2019-01-20 09:22:22] c("light blue", "light green", "lightcoral", "lightgoldenrod")[1:length(x)]
INFO [2019-01-20 09:22:22] 
INFO [2019-01-20 09:22:22] $alpha
INFO [2019-01-20 09:22:22] [1] 0.5
INFO [2019-01-20 09:22:22] 
INFO [2019-01-20 09:22:22] $scaled
INFO [2019-01-20 09:22:22] T
INFO [2019-01-20 09:22:22] 
INFO [2019-01-20 09:22:22] $category.names
INFO [2019-01-20 09:22:22] category.names
INFO [2019-01-20 09:22:22] 
INFO [2019-01-20 09:22:22] $cat.pos
INFO [2019-01-20 09:22:22] cat.pos
INFO [2019-01-20 09:22:22] 
INFO [2019-01-20 09:22:22] $cat.dist
INFO [2019-01-20 09:22:22] cat.dist
INFO [2019-01-20 09:22:22] 
INFO [2019-01-20 09:22:22] $cex
INFO [2019-01-20 09:22:22] cex
INFO [2019-01-20 09:22:22] 
INFO [2019-01-20 09:22:22] $cat.cex
INFO [2019-01-20 09:22:22] cat.cex
INFO [2019-01-20 09:22:22] 
INFO [2019-01-20 09:22:22] $main.cex
INFO [2019-01-20 09:22:22] main.cex
INFO [2019-01-20 09:22:22] 
INFO [2019-01-20 09:22:22] $sub.cex
INFO [2019-01-20 09:22:22] sub.cex
INFO [2019-01-20 09:22:22] 
INFO [2019-01-20 09:22:22] $fontfamily
INFO [2019-01-20 09:22:22] [1] "sans"
INFO [2019-01-20 09:22:22] 
INFO [2019-01-20 09:22:22] $cat.fontfamily
INFO [2019-01-20 09:22:22] [1] "sans"
INFO [2019-01-20 09:22:22] 
INFO [2019-01-20 09:22:22] $main.fontfamily
INFO [2019-01-20 09:22:22] [1] "sans"
INFO [2019-01-20 09:22:22] 
INFO [2019-01-20 09:22:22] $sub.fontfamily
INFO [2019-01-20 09:22:22] [1] "sans"
INFO [2019-01-20 09:22:22] 
INFO [2019-01-20 09:22:22] $main
INFO [2019-01-20 09:22:22] main
INFO [2019-01-20 09:22:22] 
INFO [2019-01-20 09:22:22] [[19]]
INFO [2019-01-20 09:22:22] ...
INFO [2019-01-20 09:22:22] 
INFO [2019-01-20 09:22:22] [[1]]
INFO [2019-01-20 09:22:22] x
INFO [2019-01-20 09:22:22] 
INFO [2019-01-20 09:22:22] [[2]]
INFO [2019-01-20 09:22:22] NULL
INFO [2019-01-20 09:22:22] 
INFO [2019-01-20 09:22:22] $lty
INFO [2019-01-20 09:22:22] [1] "blank"
INFO [2019-01-20 09:22:22] 
INFO [2019-01-20 09:22:22] $fill
INFO [2019-01-20 09:22:22] c("light blue", "light green", "lightcoral", "lightgoldenrod")[1:length(x)]
INFO [2019-01-20 09:22:22] 
INFO [2019-01-20 09:22:22] $alpha
INFO [2019-01-20 09:22:22] [1] 0.5
INFO [2019-01-20 09:22:22] 
INFO [2019-01-20 09:22:22] $scaled
INFO [2019-01-20 09:22:22] T
INFO [2019-01-20 09:22:22] 
INFO [2019-01-20 09:22:22] $category.names
INFO [2019-01-20 09:22:22] category.names
INFO [2019-01-20 09:22:22] 
INFO [2019-01-20 09:22:22] $cat.pos
INFO [2019-01-20 09:22:22] cat.pos
INFO [2019-01-20 09:22:22] 
INFO [2019-01-20 09:22:22] $cat.dist
INFO [2019-01-20 09:22:22] cat.dist
INFO [2019-01-20 09:22:22] 
INFO [2019-01-20 09:22:22] $cex
INFO [2019-01-20 09:22:22] cex
INFO [2019-01-20 09:22:22] 
INFO [2019-01-20 09:22:22] $cat.cex
INFO [2019-01-20 09:22:22] cat.cex
INFO [2019-01-20 09:22:22] 
INFO [2019-01-20 09:22:22] $main.cex
INFO [2019-01-20 09:22:22] main.cex
INFO [2019-01-20 09:22:22] 
INFO [2019-01-20 09:22:22] $sub.cex
INFO [2019-01-20 09:22:22] sub.cex
INFO [2019-01-20 09:22:22] 
INFO [2019-01-20 09:22:22] $fontfamily
INFO [2019-01-20 09:22:22] [1] "sans"
INFO [2019-01-20 09:22:22] 
INFO [2019-01-20 09:22:22] $cat.fontfamily
INFO [2019-01-20 09:22:22] [1] "sans"
INFO [2019-01-20 09:22:22] 
INFO [2019-01-20 09:22:22] $main.fontfamily
INFO [2019-01-20 09:22:22] [1] "sans"
INFO [2019-01-20 09:22:22] 
INFO [2019-01-20 09:22:22] $sub.fontfamily
INFO [2019-01-20 09:22:22] [1] "sans"
INFO [2019-01-20 09:22:22] 
INFO [2019-01-20 09:22:22] $main
INFO [2019-01-20 09:22:22] main
INFO [2019-01-20 09:22:22] 
INFO [2019-01-20 09:22:22] [[19]]
INFO [2019-01-20 09:22:22] ...
INFO [2019-01-20 09:22:22] 
INFO [2019-01-20 09:22:22] [[1]]
INFO [2019-01-20 09:22:22] x
INFO [2019-01-20 09:22:22] 
INFO [2019-01-20 09:22:22] [[2]]
INFO [2019-01-20 09:22:22] NULL
INFO [2019-01-20 09:22:22] 
INFO [2019-01-20 09:22:22] $lty
INFO [2019-01-20 09:22:22] [1] "blank"
INFO [2019-01-20 09:22:22] 
INFO [2019-01-20 09:22:22] $fill
INFO [2019-01-20 09:22:22] c("light blue", "light green", "lightcoral", "lightgoldenrod")[1:length(x)]
INFO [2019-01-20 09:22:22] 
INFO [2019-01-20 09:22:22] $alpha
INFO [2019-01-20 09:22:22] [1] 0.5
INFO [2019-01-20 09:22:22] 
INFO [2019-01-20 09:22:22] $scaled
INFO [2019-01-20 09:22:22] T
INFO [2019-01-20 09:22:22] 
INFO [2019-01-20 09:22:22] $category.names
INFO [2019-01-20 09:22:22] category.names
INFO [2019-01-20 09:22:22] 
INFO [2019-01-20 09:22:22] $cat.pos
INFO [2019-01-20 09:22:22] cat.pos
INFO [2019-01-20 09:22:22] 
INFO [2019-01-20 09:22:22] $cat.dist
INFO [2019-01-20 09:22:22] cat.dist
INFO [2019-01-20 09:22:22] 
INFO [2019-01-20 09:22:22] $cex
INFO [2019-01-20 09:22:22] cex
INFO [2019-01-20 09:22:22] 
INFO [2019-01-20 09:22:22] $cat.cex
INFO [2019-01-20 09:22:22] cat.cex
INFO [2019-01-20 09:22:22] 
INFO [2019-01-20 09:22:22] $main.cex
INFO [2019-01-20 09:22:22] main.cex
INFO [2019-01-20 09:22:22] 
INFO [2019-01-20 09:22:22] $sub.cex
INFO [2019-01-20 09:22:22] sub.cex
INFO [2019-01-20 09:22:22] 
INFO [2019-01-20 09:22:22] $fontfamily
INFO [2019-01-20 09:22:22] [1] "sans"
INFO [2019-01-20 09:22:22] 
INFO [2019-01-20 09:22:22] $cat.fontfamily
INFO [2019-01-20 09:22:22] [1] "sans"
INFO [2019-01-20 09:22:22] 
INFO [2019-01-20 09:22:22] $main.fontfamily
INFO [2019-01-20 09:22:22] [1] "sans"
INFO [2019-01-20 09:22:22] 
INFO [2019-01-20 09:22:22] $sub.fontfamily
INFO [2019-01-20 09:22:22] [1] "sans"
INFO [2019-01-20 09:22:22] 
INFO [2019-01-20 09:22:22] $main
INFO [2019-01-20 09:22:22] main
INFO [2019-01-20 09:22:22] 
INFO [2019-01-20 09:22:22] [[19]]
INFO [2019-01-20 09:22:22] ...
INFO [2019-01-20 09:22:22] 
INFO [2019-01-20 09:22:22] [[1]]
INFO [2019-01-20 09:22:22] x
INFO [2019-01-20 09:22:22] 
INFO [2019-01-20 09:22:22] [[2]]
INFO [2019-01-20 09:22:22] NULL
INFO [2019-01-20 09:22:22] 
INFO [2019-01-20 09:22:22] $lty
INFO [2019-01-20 09:22:22] [1] "blank"
INFO [2019-01-20 09:22:22] 
INFO [2019-01-20 09:22:22] $fill
INFO [2019-01-20 09:22:22] c("light blue", "light green", "lightcoral", "lightgoldenrod")[1:length(x)]
INFO [2019-01-20 09:22:22] 
INFO [2019-01-20 09:22:22] $alpha
INFO [2019-01-20 09:22:22] [1] 0.5
INFO [2019-01-20 09:22:22] 
INFO [2019-01-20 09:22:22] $scaled
INFO [2019-01-20 09:22:22] T
INFO [2019-01-20 09:22:22] 
INFO [2019-01-20 09:22:22] $category.names
INFO [2019-01-20 09:22:22] category.names
INFO [2019-01-20 09:22:22] 
INFO [2019-01-20 09:22:22] $cat.pos
INFO [2019-01-20 09:22:22] cat.pos
INFO [2019-01-20 09:22:22] 
INFO [2019-01-20 09:22:22] $cat.dist
INFO [2019-01-20 09:22:22] cat.dist
INFO [2019-01-20 09:22:22] 
INFO [2019-01-20 09:22:22] $cex
INFO [2019-01-20 09:22:22] cex
INFO [2019-01-20 09:22:22] 
INFO [2019-01-20 09:22:22] $cat.cex
INFO [2019-01-20 09:22:22] cat.cex
INFO [2019-01-20 09:22:22] 
INFO [2019-01-20 09:22:22] $main.cex
INFO [2019-01-20 09:22:22] main.cex
INFO [2019-01-20 09:22:22] 
INFO [2019-01-20 09:22:22] $sub.cex
INFO [2019-01-20 09:22:22] sub.cex
INFO [2019-01-20 09:22:22] 
INFO [2019-01-20 09:22:22] $fontfamily
INFO [2019-01-20 09:22:22] [1] "sans"
INFO [2019-01-20 09:22:22] 
INFO [2019-01-20 09:22:22] $cat.fontfamily
INFO [2019-01-20 09:22:22] [1] "sans"
INFO [2019-01-20 09:22:22] 
INFO [2019-01-20 09:22:22] $main.fontfamily
INFO [2019-01-20 09:22:22] [1] "sans"
INFO [2019-01-20 09:22:22] 
INFO [2019-01-20 09:22:22] $sub.fontfamily
INFO [2019-01-20 09:22:22] [1] "sans"
INFO [2019-01-20 09:22:22] 
INFO [2019-01-20 09:22:22] $main
INFO [2019-01-20 09:22:22] main
INFO [2019-01-20 09:22:22] 
INFO [2019-01-20 09:22:22] [[19]]
INFO [2019-01-20 09:22:22] ...
INFO [2019-01-20 09:22:22] 
INFO [2019-01-20 09:22:22] [[1]]
INFO [2019-01-20 09:22:22] x
INFO [2019-01-20 09:22:22] 
INFO [2019-01-20 09:22:22] [[2]]
INFO [2019-01-20 09:22:22] NULL
INFO [2019-01-20 09:22:22] 
INFO [2019-01-20 09:22:22] $lty
INFO [2019-01-20 09:22:22] [1] "blank"
INFO [2019-01-20 09:22:22] 
INFO [2019-01-20 09:22:22] $fill
INFO [2019-01-20 09:22:22] c("light blue", "light green", "lightcoral", "lightgoldenrod")[1:length(x)]
INFO [2019-01-20 09:22:22] 
INFO [2019-01-20 09:22:22] $alpha
INFO [2019-01-20 09:22:22] [1] 0.5
INFO [2019-01-20 09:22:22] 
INFO [2019-01-20 09:22:22] $scaled
INFO [2019-01-20 09:22:22] T
INFO [2019-01-20 09:22:22] 
INFO [2019-01-20 09:22:22] $category.names
INFO [2019-01-20 09:22:22] category.names
INFO [2019-01-20 09:22:22] 
INFO [2019-01-20 09:22:22] $cat.pos
INFO [2019-01-20 09:22:22] cat.pos
INFO [2019-01-20 09:22:22] 
INFO [2019-01-20 09:22:22] $cat.dist
INFO [2019-01-20 09:22:22] cat.dist
INFO [2019-01-20 09:22:22] 
INFO [2019-01-20 09:22:22] $cex
INFO [2019-01-20 09:22:22] cex
INFO [2019-01-20 09:22:22] 
INFO [2019-01-20 09:22:22] $cat.cex
INFO [2019-01-20 09:22:22] cat.cex
INFO [2019-01-20 09:22:22] 
INFO [2019-01-20 09:22:22] $main.cex
INFO [2019-01-20 09:22:22] main.cex
INFO [2019-01-20 09:22:22] 
INFO [2019-01-20 09:22:22] $sub.cex
INFO [2019-01-20 09:22:22] sub.cex
INFO [2019-01-20 09:22:22] 
INFO [2019-01-20 09:22:22] $fontfamily
INFO [2019-01-20 09:22:22] [1] "sans"
INFO [2019-01-20 09:22:22] 
INFO [2019-01-20 09:22:22] $cat.fontfamily
INFO [2019-01-20 09:22:22] [1] "sans"
INFO [2019-01-20 09:22:22] 
INFO [2019-01-20 09:22:22] $main.fontfamily
INFO [2019-01-20 09:22:22] [1] "sans"
INFO [2019-01-20 09:22:22] 
INFO [2019-01-20 09:22:22] $sub.fontfamily
INFO [2019-01-20 09:22:22] [1] "sans"
INFO [2019-01-20 09:22:22] 
INFO [2019-01-20 09:22:22] $main
INFO [2019-01-20 09:22:22] main
INFO [2019-01-20 09:22:22] 
INFO [2019-01-20 09:22:22] [[19]]
INFO [2019-01-20 09:22:22] ...
INFO [2019-01-20 09:22:22] 
INFO [2019-01-20 09:22:22] [[1]]
INFO [2019-01-20 09:22:22] x
INFO [2019-01-20 09:22:22] 
INFO [2019-01-20 09:22:22] [[2]]
INFO [2019-01-20 09:22:22] NULL
INFO [2019-01-20 09:22:22] 
INFO [2019-01-20 09:22:22] $lty
INFO [2019-01-20 09:22:22] [1] "blank"
INFO [2019-01-20 09:22:22] 
INFO [2019-01-20 09:22:22] $fill
INFO [2019-01-20 09:22:22] c("light blue", "light green", "lightcoral", "lightgoldenrod")[1:length(x)]
INFO [2019-01-20 09:22:22] 
INFO [2019-01-20 09:22:22] $alpha
INFO [2019-01-20 09:22:22] [1] 0.5
INFO [2019-01-20 09:22:22] 
INFO [2019-01-20 09:22:22] $scaled
INFO [2019-01-20 09:22:22] T
INFO [2019-01-20 09:22:22] 
INFO [2019-01-20 09:22:22] $category.names
INFO [2019-01-20 09:22:22] category.names
INFO [2019-01-20 09:22:22] 
INFO [2019-01-20 09:22:22] $cat.pos
INFO [2019-01-20 09:22:22] cat.pos
INFO [2019-01-20 09:22:22] 
INFO [2019-01-20 09:22:22] $cat.dist
INFO [2019-01-20 09:22:22] cat.dist
INFO [2019-01-20 09:22:22] 
INFO [2019-01-20 09:22:22] $cex
INFO [2019-01-20 09:22:22] cex
INFO [2019-01-20 09:22:22] 
INFO [2019-01-20 09:22:22] $cat.cex
INFO [2019-01-20 09:22:22] cat.cex
INFO [2019-01-20 09:22:22] 
INFO [2019-01-20 09:22:22] $main.cex
INFO [2019-01-20 09:22:22] main.cex
INFO [2019-01-20 09:22:22] 
INFO [2019-01-20 09:22:22] $sub.cex
INFO [2019-01-20 09:22:22] sub.cex
INFO [2019-01-20 09:22:22] 
INFO [2019-01-20 09:22:22] $fontfamily
INFO [2019-01-20 09:22:22] [1] "sans"
INFO [2019-01-20 09:22:22] 
INFO [2019-01-20 09:22:22] $cat.fontfamily
INFO [2019-01-20 09:22:22] [1] "sans"
INFO [2019-01-20 09:22:22] 
INFO [2019-01-20 09:22:22] $main.fontfamily
INFO [2019-01-20 09:22:22] [1] "sans"
INFO [2019-01-20 09:22:22] 
INFO [2019-01-20 09:22:22] $sub.fontfamily
INFO [2019-01-20 09:22:22] [1] "sans"
INFO [2019-01-20 09:22:22] 
INFO [2019-01-20 09:22:22] $main
INFO [2019-01-20 09:22:22] main
INFO [2019-01-20 09:22:22] 
INFO [2019-01-20 09:22:22] [[19]]
INFO [2019-01-20 09:22:22] ...
INFO [2019-01-20 09:22:22] 
