INFO [2019-01-20 09:22:06] [[1]]
INFO [2019-01-20 09:22:06] x
INFO [2019-01-20 09:22:06] 
INFO [2019-01-20 09:22:06] [[2]]
INFO [2019-01-20 09:22:06] NULL
INFO [2019-01-20 09:22:06] 
INFO [2019-01-20 09:22:06] $lty
INFO [2019-01-20 09:22:06] [1] "blank"
INFO [2019-01-20 09:22:06] 
INFO [2019-01-20 09:22:06] $fill
INFO [2019-01-20 09:22:06] c("light blue", "light green", "lightcoral", "lightgoldenrod")[1:length(x)]
INFO [2019-01-20 09:22:06] 
INFO [2019-01-20 09:22:06] $alpha
INFO [2019-01-20 09:22:06] [1] 0.5
INFO [2019-01-20 09:22:06] 
INFO [2019-01-20 09:22:06] $scaled
INFO [2019-01-20 09:22:06] T
INFO [2019-01-20 09:22:06] 
INFO [2019-01-20 09:22:06] $category.names
INFO [2019-01-20 09:22:06] category.names
INFO [2019-01-20 09:22:06] 
INFO [2019-01-20 09:22:06] $cat.pos
INFO [2019-01-20 09:22:06] cat.pos
INFO [2019-01-20 09:22:06] 
INFO [2019-01-20 09:22:06] $cat.dist
INFO [2019-01-20 09:22:06] cat.dist
INFO [2019-01-20 09:22:06] 
INFO [2019-01-20 09:22:06] $cex
INFO [2019-01-20 09:22:06] cex
INFO [2019-01-20 09:22:06] 
INFO [2019-01-20 09:22:06] $cat.cex
INFO [2019-01-20 09:22:06] cat.cex
INFO [2019-01-20 09:22:06] 
INFO [2019-01-20 09:22:06] $main.cex
INFO [2019-01-20 09:22:06] main.cex
INFO [2019-01-20 09:22:06] 
INFO [2019-01-20 09:22:06] $sub.cex
INFO [2019-01-20 09:22:06] sub.cex
INFO [2019-01-20 09:22:06] 
INFO [2019-01-20 09:22:06] $fontfamily
INFO [2019-01-20 09:22:06] [1] "sans"
INFO [2019-01-20 09:22:06] 
INFO [2019-01-20 09:22:06] $cat.fontfamily
INFO [2019-01-20 09:22:06] [1] "sans"
INFO [2019-01-20 09:22:06] 
INFO [2019-01-20 09:22:06] $main.fontfamily
INFO [2019-01-20 09:22:06] [1] "sans"
INFO [2019-01-20 09:22:06] 
INFO [2019-01-20 09:22:06] $sub.fontfamily
INFO [2019-01-20 09:22:06] [1] "sans"
INFO [2019-01-20 09:22:06] 
INFO [2019-01-20 09:22:06] $main
INFO [2019-01-20 09:22:06] main
INFO [2019-01-20 09:22:06] 
INFO [2019-01-20 09:22:06] [[19]]
INFO [2019-01-20 09:22:06] ...
INFO [2019-01-20 09:22:06] 
