INFO [2019-01-20 09:22:00] [[1]]
INFO [2019-01-20 09:22:00] x
INFO [2019-01-20 09:22:00] 
INFO [2019-01-20 09:22:00] [[2]]
INFO [2019-01-20 09:22:00] NULL
INFO [2019-01-20 09:22:00] 
INFO [2019-01-20 09:22:00] $lty
INFO [2019-01-20 09:22:00] [1] "blank"
INFO [2019-01-20 09:22:00] 
INFO [2019-01-20 09:22:00] $fill
INFO [2019-01-20 09:22:00] c("light blue", "light green", "lightcoral", "lightgoldenrod")[1:length(x)]
INFO [2019-01-20 09:22:00] 
INFO [2019-01-20 09:22:00] $alpha
INFO [2019-01-20 09:22:00] [1] 0.5
INFO [2019-01-20 09:22:00] 
INFO [2019-01-20 09:22:00] $scaled
INFO [2019-01-20 09:22:00] T
INFO [2019-01-20 09:22:00] 
INFO [2019-01-20 09:22:00] $category.names
INFO [2019-01-20 09:22:00] category.names
INFO [2019-01-20 09:22:00] 
INFO [2019-01-20 09:22:00] $cat.pos
INFO [2019-01-20 09:22:00] cat.pos
INFO [2019-01-20 09:22:00] 
INFO [2019-01-20 09:22:00] $cat.dist
INFO [2019-01-20 09:22:00] cat.dist
INFO [2019-01-20 09:22:00] 
INFO [2019-01-20 09:22:00] $cex
INFO [2019-01-20 09:22:00] cex
INFO [2019-01-20 09:22:00] 
INFO [2019-01-20 09:22:00] $cat.cex
INFO [2019-01-20 09:22:00] cat.cex
INFO [2019-01-20 09:22:00] 
INFO [2019-01-20 09:22:00] $main.cex
INFO [2019-01-20 09:22:00] main.cex
INFO [2019-01-20 09:22:00] 
INFO [2019-01-20 09:22:00] $sub.cex
INFO [2019-01-20 09:22:00] sub.cex
INFO [2019-01-20 09:22:00] 
INFO [2019-01-20 09:22:00] $fontfamily
INFO [2019-01-20 09:22:00] [1] "sans"
INFO [2019-01-20 09:22:00] 
INFO [2019-01-20 09:22:00] $cat.fontfamily
INFO [2019-01-20 09:22:00] [1] "sans"
INFO [2019-01-20 09:22:00] 
INFO [2019-01-20 09:22:00] $main.fontfamily
INFO [2019-01-20 09:22:00] [1] "sans"
INFO [2019-01-20 09:22:00] 
INFO [2019-01-20 09:22:00] $sub.fontfamily
INFO [2019-01-20 09:22:00] [1] "sans"
INFO [2019-01-20 09:22:00] 
INFO [2019-01-20 09:22:00] $main
INFO [2019-01-20 09:22:00] main
INFO [2019-01-20 09:22:00] 
INFO [2019-01-20 09:22:00] [[19]]
INFO [2019-01-20 09:22:00] ...
INFO [2019-01-20 09:22:00] 
