INFO [2019-01-20 09:22:18] [[1]]
INFO [2019-01-20 09:22:18] x
INFO [2019-01-20 09:22:18] 
INFO [2019-01-20 09:22:18] [[2]]
INFO [2019-01-20 09:22:18] NULL
INFO [2019-01-20 09:22:18] 
INFO [2019-01-20 09:22:18] $lty
INFO [2019-01-20 09:22:18] [1] "blank"
INFO [2019-01-20 09:22:18] 
INFO [2019-01-20 09:22:18] $fill
INFO [2019-01-20 09:22:18] c("light blue", "light green", "lightcoral", "lightgoldenrod")[1:length(x)]
INFO [2019-01-20 09:22:18] 
INFO [2019-01-20 09:22:18] $alpha
INFO [2019-01-20 09:22:18] [1] 0.5
INFO [2019-01-20 09:22:18] 
INFO [2019-01-20 09:22:18] $scaled
INFO [2019-01-20 09:22:18] T
INFO [2019-01-20 09:22:18] 
INFO [2019-01-20 09:22:18] $category.names
INFO [2019-01-20 09:22:18] category.names
INFO [2019-01-20 09:22:18] 
INFO [2019-01-20 09:22:18] $cat.pos
INFO [2019-01-20 09:22:18] cat.pos
INFO [2019-01-20 09:22:18] 
INFO [2019-01-20 09:22:18] $cat.dist
INFO [2019-01-20 09:22:18] cat.dist
INFO [2019-01-20 09:22:18] 
INFO [2019-01-20 09:22:18] $cex
INFO [2019-01-20 09:22:18] cex
INFO [2019-01-20 09:22:18] 
INFO [2019-01-20 09:22:18] $cat.cex
INFO [2019-01-20 09:22:18] cat.cex
INFO [2019-01-20 09:22:18] 
INFO [2019-01-20 09:22:18] $main.cex
INFO [2019-01-20 09:22:18] main.cex
INFO [2019-01-20 09:22:18] 
INFO [2019-01-20 09:22:18] $sub.cex
INFO [2019-01-20 09:22:18] sub.cex
INFO [2019-01-20 09:22:18] 
INFO [2019-01-20 09:22:18] $fontfamily
INFO [2019-01-20 09:22:18] [1] "sans"
INFO [2019-01-20 09:22:18] 
INFO [2019-01-20 09:22:18] $cat.fontfamily
INFO [2019-01-20 09:22:18] [1] "sans"
INFO [2019-01-20 09:22:18] 
INFO [2019-01-20 09:22:18] $main.fontfamily
INFO [2019-01-20 09:22:18] [1] "sans"
INFO [2019-01-20 09:22:18] 
INFO [2019-01-20 09:22:18] $sub.fontfamily
INFO [2019-01-20 09:22:18] [1] "sans"
INFO [2019-01-20 09:22:18] 
INFO [2019-01-20 09:22:18] $main
INFO [2019-01-20 09:22:18] main
INFO [2019-01-20 09:22:18] 
INFO [2019-01-20 09:22:18] [[19]]
INFO [2019-01-20 09:22:18] ...
INFO [2019-01-20 09:22:18] 
INFO [2019-01-20 09:22:18] [[1]]
INFO [2019-01-20 09:22:18] x
INFO [2019-01-20 09:22:18] 
INFO [2019-01-20 09:22:18] [[2]]
INFO [2019-01-20 09:22:18] NULL
INFO [2019-01-20 09:22:18] 
INFO [2019-01-20 09:22:18] $lty
INFO [2019-01-20 09:22:18] [1] "blank"
INFO [2019-01-20 09:22:18] 
INFO [2019-01-20 09:22:18] $fill
INFO [2019-01-20 09:22:18] c("light blue", "light green", "lightcoral", "lightgoldenrod")[1:length(x)]
INFO [2019-01-20 09:22:18] 
INFO [2019-01-20 09:22:18] $alpha
INFO [2019-01-20 09:22:18] [1] 0.5
INFO [2019-01-20 09:22:18] 
INFO [2019-01-20 09:22:18] $scaled
INFO [2019-01-20 09:22:18] T
INFO [2019-01-20 09:22:18] 
INFO [2019-01-20 09:22:18] $category.names
INFO [2019-01-20 09:22:18] category.names
INFO [2019-01-20 09:22:18] 
INFO [2019-01-20 09:22:18] $cat.pos
INFO [2019-01-20 09:22:18] cat.pos
INFO [2019-01-20 09:22:18] 
INFO [2019-01-20 09:22:18] $cat.dist
INFO [2019-01-20 09:22:18] cat.dist
INFO [2019-01-20 09:22:18] 
INFO [2019-01-20 09:22:18] $cex
INFO [2019-01-20 09:22:18] cex
INFO [2019-01-20 09:22:18] 
INFO [2019-01-20 09:22:18] $cat.cex
INFO [2019-01-20 09:22:18] cat.cex
INFO [2019-01-20 09:22:18] 
INFO [2019-01-20 09:22:18] $main.cex
INFO [2019-01-20 09:22:18] main.cex
INFO [2019-01-20 09:22:18] 
INFO [2019-01-20 09:22:18] $sub.cex
INFO [2019-01-20 09:22:18] sub.cex
INFO [2019-01-20 09:22:18] 
INFO [2019-01-20 09:22:18] $fontfamily
INFO [2019-01-20 09:22:18] [1] "sans"
INFO [2019-01-20 09:22:18] 
INFO [2019-01-20 09:22:18] $cat.fontfamily
INFO [2019-01-20 09:22:18] [1] "sans"
INFO [2019-01-20 09:22:18] 
INFO [2019-01-20 09:22:18] $main.fontfamily
INFO [2019-01-20 09:22:18] [1] "sans"
INFO [2019-01-20 09:22:18] 
INFO [2019-01-20 09:22:18] $sub.fontfamily
INFO [2019-01-20 09:22:18] [1] "sans"
INFO [2019-01-20 09:22:18] 
INFO [2019-01-20 09:22:18] $main
INFO [2019-01-20 09:22:18] main
INFO [2019-01-20 09:22:18] 
INFO [2019-01-20 09:22:18] [[19]]
INFO [2019-01-20 09:22:18] ...
INFO [2019-01-20 09:22:18] 
INFO [2019-01-20 09:22:18] [[1]]
INFO [2019-01-20 09:22:18] x
INFO [2019-01-20 09:22:18] 
INFO [2019-01-20 09:22:18] [[2]]
INFO [2019-01-20 09:22:18] NULL
INFO [2019-01-20 09:22:18] 
INFO [2019-01-20 09:22:18] $lty
INFO [2019-01-20 09:22:18] [1] "blank"
INFO [2019-01-20 09:22:18] 
INFO [2019-01-20 09:22:18] $fill
INFO [2019-01-20 09:22:18] c("light blue", "light green", "lightcoral", "lightgoldenrod")[1:length(x)]
INFO [2019-01-20 09:22:18] 
INFO [2019-01-20 09:22:18] $alpha
INFO [2019-01-20 09:22:18] [1] 0.5
INFO [2019-01-20 09:22:18] 
INFO [2019-01-20 09:22:18] $scaled
INFO [2019-01-20 09:22:18] T
INFO [2019-01-20 09:22:18] 
INFO [2019-01-20 09:22:18] $category.names
INFO [2019-01-20 09:22:18] category.names
INFO [2019-01-20 09:22:18] 
INFO [2019-01-20 09:22:18] $cat.pos
INFO [2019-01-20 09:22:18] cat.pos
INFO [2019-01-20 09:22:18] 
INFO [2019-01-20 09:22:18] $cat.dist
INFO [2019-01-20 09:22:18] cat.dist
INFO [2019-01-20 09:22:18] 
INFO [2019-01-20 09:22:18] $cex
INFO [2019-01-20 09:22:18] cex
INFO [2019-01-20 09:22:18] 
INFO [2019-01-20 09:22:18] $cat.cex
INFO [2019-01-20 09:22:18] cat.cex
INFO [2019-01-20 09:22:18] 
INFO [2019-01-20 09:22:18] $main.cex
INFO [2019-01-20 09:22:18] main.cex
INFO [2019-01-20 09:22:18] 
INFO [2019-01-20 09:22:18] $sub.cex
INFO [2019-01-20 09:22:18] sub.cex
INFO [2019-01-20 09:22:18] 
INFO [2019-01-20 09:22:18] $fontfamily
INFO [2019-01-20 09:22:18] [1] "sans"
INFO [2019-01-20 09:22:18] 
INFO [2019-01-20 09:22:18] $cat.fontfamily
INFO [2019-01-20 09:22:18] [1] "sans"
INFO [2019-01-20 09:22:18] 
INFO [2019-01-20 09:22:18] $main.fontfamily
INFO [2019-01-20 09:22:18] [1] "sans"
INFO [2019-01-20 09:22:18] 
INFO [2019-01-20 09:22:18] $sub.fontfamily
INFO [2019-01-20 09:22:18] [1] "sans"
INFO [2019-01-20 09:22:18] 
INFO [2019-01-20 09:22:18] $main
INFO [2019-01-20 09:22:18] main
INFO [2019-01-20 09:22:18] 
INFO [2019-01-20 09:22:18] [[19]]
INFO [2019-01-20 09:22:18] ...
INFO [2019-01-20 09:22:18] 
INFO [2019-01-20 09:22:18] [[1]]
INFO [2019-01-20 09:22:18] x
INFO [2019-01-20 09:22:18] 
INFO [2019-01-20 09:22:18] [[2]]
INFO [2019-01-20 09:22:18] NULL
INFO [2019-01-20 09:22:18] 
INFO [2019-01-20 09:22:18] $lty
INFO [2019-01-20 09:22:18] [1] "blank"
INFO [2019-01-20 09:22:18] 
INFO [2019-01-20 09:22:18] $fill
INFO [2019-01-20 09:22:18] c("light blue", "light green", "lightcoral", "lightgoldenrod")[1:length(x)]
INFO [2019-01-20 09:22:18] 
INFO [2019-01-20 09:22:18] $alpha
INFO [2019-01-20 09:22:18] [1] 0.5
INFO [2019-01-20 09:22:18] 
INFO [2019-01-20 09:22:18] $scaled
INFO [2019-01-20 09:22:18] T
INFO [2019-01-20 09:22:18] 
INFO [2019-01-20 09:22:18] $category.names
INFO [2019-01-20 09:22:18] category.names
INFO [2019-01-20 09:22:18] 
INFO [2019-01-20 09:22:18] $cat.pos
INFO [2019-01-20 09:22:18] cat.pos
INFO [2019-01-20 09:22:18] 
INFO [2019-01-20 09:22:18] $cat.dist
INFO [2019-01-20 09:22:18] cat.dist
INFO [2019-01-20 09:22:18] 
INFO [2019-01-20 09:22:18] $cex
INFO [2019-01-20 09:22:18] cex
INFO [2019-01-20 09:22:18] 
INFO [2019-01-20 09:22:18] $cat.cex
INFO [2019-01-20 09:22:18] cat.cex
INFO [2019-01-20 09:22:18] 
INFO [2019-01-20 09:22:18] $main.cex
INFO [2019-01-20 09:22:18] main.cex
INFO [2019-01-20 09:22:18] 
INFO [2019-01-20 09:22:18] $sub.cex
INFO [2019-01-20 09:22:18] sub.cex
INFO [2019-01-20 09:22:18] 
INFO [2019-01-20 09:22:18] $fontfamily
INFO [2019-01-20 09:22:18] [1] "sans"
INFO [2019-01-20 09:22:18] 
INFO [2019-01-20 09:22:18] $cat.fontfamily
INFO [2019-01-20 09:22:18] [1] "sans"
INFO [2019-01-20 09:22:18] 
INFO [2019-01-20 09:22:18] $main.fontfamily
INFO [2019-01-20 09:22:18] [1] "sans"
INFO [2019-01-20 09:22:18] 
INFO [2019-01-20 09:22:18] $sub.fontfamily
INFO [2019-01-20 09:22:18] [1] "sans"
INFO [2019-01-20 09:22:18] 
INFO [2019-01-20 09:22:18] $main
INFO [2019-01-20 09:22:18] main
INFO [2019-01-20 09:22:18] 
INFO [2019-01-20 09:22:18] [[19]]
INFO [2019-01-20 09:22:18] ...
INFO [2019-01-20 09:22:18] 
INFO [2019-01-20 09:22:18] [[1]]
INFO [2019-01-20 09:22:18] x
INFO [2019-01-20 09:22:18] 
INFO [2019-01-20 09:22:18] [[2]]
INFO [2019-01-20 09:22:18] NULL
INFO [2019-01-20 09:22:18] 
INFO [2019-01-20 09:22:18] $lty
INFO [2019-01-20 09:22:18] [1] "blank"
INFO [2019-01-20 09:22:18] 
INFO [2019-01-20 09:22:18] $fill
INFO [2019-01-20 09:22:18] c("light blue", "light green", "lightcoral", "lightgoldenrod")[1:length(x)]
INFO [2019-01-20 09:22:18] 
INFO [2019-01-20 09:22:18] $alpha
INFO [2019-01-20 09:22:18] [1] 0.5
INFO [2019-01-20 09:22:18] 
INFO [2019-01-20 09:22:18] $scaled
INFO [2019-01-20 09:22:18] T
INFO [2019-01-20 09:22:18] 
INFO [2019-01-20 09:22:18] $category.names
INFO [2019-01-20 09:22:18] category.names
INFO [2019-01-20 09:22:18] 
INFO [2019-01-20 09:22:18] $cat.pos
INFO [2019-01-20 09:22:18] cat.pos
INFO [2019-01-20 09:22:18] 
INFO [2019-01-20 09:22:18] $cat.dist
INFO [2019-01-20 09:22:18] cat.dist
INFO [2019-01-20 09:22:18] 
INFO [2019-01-20 09:22:18] $cex
INFO [2019-01-20 09:22:18] cex
INFO [2019-01-20 09:22:18] 
INFO [2019-01-20 09:22:18] $cat.cex
INFO [2019-01-20 09:22:18] cat.cex
INFO [2019-01-20 09:22:18] 
INFO [2019-01-20 09:22:18] $main.cex
INFO [2019-01-20 09:22:18] main.cex
INFO [2019-01-20 09:22:18] 
INFO [2019-01-20 09:22:18] $sub.cex
INFO [2019-01-20 09:22:18] sub.cex
INFO [2019-01-20 09:22:18] 
INFO [2019-01-20 09:22:18] $fontfamily
INFO [2019-01-20 09:22:18] [1] "sans"
INFO [2019-01-20 09:22:18] 
INFO [2019-01-20 09:22:18] $cat.fontfamily
INFO [2019-01-20 09:22:18] [1] "sans"
INFO [2019-01-20 09:22:18] 
INFO [2019-01-20 09:22:18] $main.fontfamily
INFO [2019-01-20 09:22:18] [1] "sans"
INFO [2019-01-20 09:22:18] 
INFO [2019-01-20 09:22:18] $sub.fontfamily
INFO [2019-01-20 09:22:18] [1] "sans"
INFO [2019-01-20 09:22:18] 
INFO [2019-01-20 09:22:18] $main
INFO [2019-01-20 09:22:18] main
INFO [2019-01-20 09:22:18] 
INFO [2019-01-20 09:22:18] [[19]]
INFO [2019-01-20 09:22:18] ...
INFO [2019-01-20 09:22:18] 
INFO [2019-01-20 09:22:18] [[1]]
INFO [2019-01-20 09:22:18] x
INFO [2019-01-20 09:22:18] 
INFO [2019-01-20 09:22:18] [[2]]
INFO [2019-01-20 09:22:18] NULL
INFO [2019-01-20 09:22:18] 
INFO [2019-01-20 09:22:18] $lty
INFO [2019-01-20 09:22:18] [1] "blank"
INFO [2019-01-20 09:22:18] 
INFO [2019-01-20 09:22:18] $fill
INFO [2019-01-20 09:22:18] c("light blue", "light green", "lightcoral", "lightgoldenrod")[1:length(x)]
INFO [2019-01-20 09:22:18] 
INFO [2019-01-20 09:22:18] $alpha
INFO [2019-01-20 09:22:18] [1] 0.5
INFO [2019-01-20 09:22:18] 
INFO [2019-01-20 09:22:18] $scaled
INFO [2019-01-20 09:22:18] T
INFO [2019-01-20 09:22:18] 
INFO [2019-01-20 09:22:18] $category.names
INFO [2019-01-20 09:22:18] category.names
INFO [2019-01-20 09:22:18] 
INFO [2019-01-20 09:22:18] $cat.pos
INFO [2019-01-20 09:22:18] cat.pos
INFO [2019-01-20 09:22:18] 
INFO [2019-01-20 09:22:18] $cat.dist
INFO [2019-01-20 09:22:18] cat.dist
INFO [2019-01-20 09:22:18] 
INFO [2019-01-20 09:22:18] $cex
INFO [2019-01-20 09:22:18] cex
INFO [2019-01-20 09:22:18] 
INFO [2019-01-20 09:22:18] $cat.cex
INFO [2019-01-20 09:22:18] cat.cex
INFO [2019-01-20 09:22:18] 
INFO [2019-01-20 09:22:18] $main.cex
INFO [2019-01-20 09:22:18] main.cex
INFO [2019-01-20 09:22:18] 
INFO [2019-01-20 09:22:18] $sub.cex
INFO [2019-01-20 09:22:18] sub.cex
INFO [2019-01-20 09:22:18] 
INFO [2019-01-20 09:22:18] $fontfamily
INFO [2019-01-20 09:22:18] [1] "sans"
INFO [2019-01-20 09:22:18] 
INFO [2019-01-20 09:22:18] $cat.fontfamily
INFO [2019-01-20 09:22:18] [1] "sans"
INFO [2019-01-20 09:22:18] 
INFO [2019-01-20 09:22:18] $main.fontfamily
INFO [2019-01-20 09:22:18] [1] "sans"
INFO [2019-01-20 09:22:18] 
INFO [2019-01-20 09:22:18] $sub.fontfamily
INFO [2019-01-20 09:22:18] [1] "sans"
INFO [2019-01-20 09:22:18] 
INFO [2019-01-20 09:22:18] $main
INFO [2019-01-20 09:22:18] main
INFO [2019-01-20 09:22:18] 
INFO [2019-01-20 09:22:18] [[19]]
INFO [2019-01-20 09:22:18] ...
INFO [2019-01-20 09:22:18] 
INFO [2019-01-20 09:22:18] [[1]]
INFO [2019-01-20 09:22:18] x
INFO [2019-01-20 09:22:18] 
INFO [2019-01-20 09:22:18] [[2]]
INFO [2019-01-20 09:22:18] NULL
INFO [2019-01-20 09:22:18] 
INFO [2019-01-20 09:22:18] $lty
INFO [2019-01-20 09:22:18] [1] "blank"
INFO [2019-01-20 09:22:18] 
INFO [2019-01-20 09:22:18] $fill
INFO [2019-01-20 09:22:18] c("light blue", "light green", "lightcoral", "lightgoldenrod")[1:length(x)]
INFO [2019-01-20 09:22:18] 
INFO [2019-01-20 09:22:18] $alpha
INFO [2019-01-20 09:22:18] [1] 0.5
INFO [2019-01-20 09:22:18] 
INFO [2019-01-20 09:22:18] $scaled
INFO [2019-01-20 09:22:18] T
INFO [2019-01-20 09:22:18] 
INFO [2019-01-20 09:22:18] $category.names
INFO [2019-01-20 09:22:18] category.names
INFO [2019-01-20 09:22:18] 
INFO [2019-01-20 09:22:18] $cat.pos
INFO [2019-01-20 09:22:18] cat.pos
INFO [2019-01-20 09:22:18] 
INFO [2019-01-20 09:22:18] $cat.dist
INFO [2019-01-20 09:22:18] cat.dist
INFO [2019-01-20 09:22:18] 
INFO [2019-01-20 09:22:18] $cex
INFO [2019-01-20 09:22:18] cex
INFO [2019-01-20 09:22:18] 
INFO [2019-01-20 09:22:18] $cat.cex
INFO [2019-01-20 09:22:18] cat.cex
INFO [2019-01-20 09:22:18] 
INFO [2019-01-20 09:22:18] $main.cex
INFO [2019-01-20 09:22:18] main.cex
INFO [2019-01-20 09:22:18] 
INFO [2019-01-20 09:22:18] $sub.cex
INFO [2019-01-20 09:22:18] sub.cex
INFO [2019-01-20 09:22:18] 
INFO [2019-01-20 09:22:18] $fontfamily
INFO [2019-01-20 09:22:18] [1] "sans"
INFO [2019-01-20 09:22:18] 
INFO [2019-01-20 09:22:18] $cat.fontfamily
INFO [2019-01-20 09:22:18] [1] "sans"
INFO [2019-01-20 09:22:18] 
INFO [2019-01-20 09:22:18] $main.fontfamily
INFO [2019-01-20 09:22:18] [1] "sans"
INFO [2019-01-20 09:22:18] 
INFO [2019-01-20 09:22:18] $sub.fontfamily
INFO [2019-01-20 09:22:18] [1] "sans"
INFO [2019-01-20 09:22:18] 
INFO [2019-01-20 09:22:18] $main
INFO [2019-01-20 09:22:18] main
INFO [2019-01-20 09:22:18] 
INFO [2019-01-20 09:22:18] [[19]]
INFO [2019-01-20 09:22:18] ...
INFO [2019-01-20 09:22:18] 
INFO [2019-01-20 09:22:18] [[1]]
INFO [2019-01-20 09:22:18] x
INFO [2019-01-20 09:22:18] 
INFO [2019-01-20 09:22:18] [[2]]
INFO [2019-01-20 09:22:18] NULL
INFO [2019-01-20 09:22:18] 
INFO [2019-01-20 09:22:18] $lty
INFO [2019-01-20 09:22:18] [1] "blank"
INFO [2019-01-20 09:22:18] 
INFO [2019-01-20 09:22:18] $fill
INFO [2019-01-20 09:22:18] c("light blue", "light green", "lightcoral", "lightgoldenrod")[1:length(x)]
INFO [2019-01-20 09:22:18] 
INFO [2019-01-20 09:22:18] $alpha
INFO [2019-01-20 09:22:18] [1] 0.5
INFO [2019-01-20 09:22:18] 
INFO [2019-01-20 09:22:18] $scaled
INFO [2019-01-20 09:22:18] T
INFO [2019-01-20 09:22:18] 
INFO [2019-01-20 09:22:18] $category.names
INFO [2019-01-20 09:22:18] category.names
INFO [2019-01-20 09:22:18] 
INFO [2019-01-20 09:22:18] $cat.pos
INFO [2019-01-20 09:22:18] cat.pos
INFO [2019-01-20 09:22:18] 
INFO [2019-01-20 09:22:18] $cat.dist
INFO [2019-01-20 09:22:18] cat.dist
INFO [2019-01-20 09:22:18] 
INFO [2019-01-20 09:22:18] $cex
INFO [2019-01-20 09:22:18] cex
INFO [2019-01-20 09:22:18] 
INFO [2019-01-20 09:22:18] $cat.cex
INFO [2019-01-20 09:22:18] cat.cex
INFO [2019-01-20 09:22:18] 
INFO [2019-01-20 09:22:18] $main.cex
INFO [2019-01-20 09:22:18] main.cex
INFO [2019-01-20 09:22:18] 
INFO [2019-01-20 09:22:18] $sub.cex
INFO [2019-01-20 09:22:18] sub.cex
INFO [2019-01-20 09:22:18] 
INFO [2019-01-20 09:22:18] $fontfamily
INFO [2019-01-20 09:22:18] [1] "sans"
INFO [2019-01-20 09:22:18] 
INFO [2019-01-20 09:22:18] $cat.fontfamily
INFO [2019-01-20 09:22:18] [1] "sans"
INFO [2019-01-20 09:22:18] 
INFO [2019-01-20 09:22:18] $main.fontfamily
INFO [2019-01-20 09:22:18] [1] "sans"
INFO [2019-01-20 09:22:18] 
INFO [2019-01-20 09:22:18] $sub.fontfamily
INFO [2019-01-20 09:22:18] [1] "sans"
INFO [2019-01-20 09:22:18] 
INFO [2019-01-20 09:22:18] $main
INFO [2019-01-20 09:22:18] main
INFO [2019-01-20 09:22:18] 
INFO [2019-01-20 09:22:18] [[19]]
INFO [2019-01-20 09:22:18] ...
INFO [2019-01-20 09:22:18] 
