INFO [2019-01-20 09:22:08] [[1]]
INFO [2019-01-20 09:22:08] x
INFO [2019-01-20 09:22:08] 
INFO [2019-01-20 09:22:08] [[2]]
INFO [2019-01-20 09:22:08] NULL
INFO [2019-01-20 09:22:08] 
INFO [2019-01-20 09:22:08] $lty
INFO [2019-01-20 09:22:08] [1] "blank"
INFO [2019-01-20 09:22:08] 
INFO [2019-01-20 09:22:08] $fill
INFO [2019-01-20 09:22:08] c("light blue", "light green", "lightcoral", "lightgoldenrod")[1:length(x)]
INFO [2019-01-20 09:22:08] 
INFO [2019-01-20 09:22:08] $alpha
INFO [2019-01-20 09:22:08] [1] 0.5
INFO [2019-01-20 09:22:08] 
INFO [2019-01-20 09:22:08] $scaled
INFO [2019-01-20 09:22:08] T
INFO [2019-01-20 09:22:08] 
INFO [2019-01-20 09:22:08] $category.names
INFO [2019-01-20 09:22:08] category.names
INFO [2019-01-20 09:22:08] 
INFO [2019-01-20 09:22:08] $cat.pos
INFO [2019-01-20 09:22:08] cat.pos
INFO [2019-01-20 09:22:08] 
INFO [2019-01-20 09:22:08] $cat.dist
INFO [2019-01-20 09:22:08] cat.dist
INFO [2019-01-20 09:22:08] 
INFO [2019-01-20 09:22:08] $cex
INFO [2019-01-20 09:22:08] cex
INFO [2019-01-20 09:22:08] 
INFO [2019-01-20 09:22:08] $cat.cex
INFO [2019-01-20 09:22:08] cat.cex
INFO [2019-01-20 09:22:08] 
INFO [2019-01-20 09:22:08] $main.cex
INFO [2019-01-20 09:22:08] main.cex
INFO [2019-01-20 09:22:08] 
INFO [2019-01-20 09:22:08] $sub.cex
INFO [2019-01-20 09:22:08] sub.cex
INFO [2019-01-20 09:22:08] 
INFO [2019-01-20 09:22:08] $fontfamily
INFO [2019-01-20 09:22:08] [1] "sans"
INFO [2019-01-20 09:22:08] 
INFO [2019-01-20 09:22:08] $cat.fontfamily
INFO [2019-01-20 09:22:08] [1] "sans"
INFO [2019-01-20 09:22:08] 
INFO [2019-01-20 09:22:08] $main.fontfamily
INFO [2019-01-20 09:22:08] [1] "sans"
INFO [2019-01-20 09:22:08] 
INFO [2019-01-20 09:22:08] $sub.fontfamily
INFO [2019-01-20 09:22:08] [1] "sans"
INFO [2019-01-20 09:22:08] 
INFO [2019-01-20 09:22:08] $main
INFO [2019-01-20 09:22:08] main
INFO [2019-01-20 09:22:08] 
INFO [2019-01-20 09:22:08] [[19]]
INFO [2019-01-20 09:22:08] ...
INFO [2019-01-20 09:22:08] 
