INFO [2019-01-20 09:21:57] [[1]]
INFO [2019-01-20 09:21:57] x
INFO [2019-01-20 09:21:57] 
INFO [2019-01-20 09:21:57] [[2]]
INFO [2019-01-20 09:21:57] NULL
INFO [2019-01-20 09:21:57] 
INFO [2019-01-20 09:21:57] $lty
INFO [2019-01-20 09:21:57] [1] "blank"
INFO [2019-01-20 09:21:57] 
INFO [2019-01-20 09:21:57] $fill
INFO [2019-01-20 09:21:57] c("light blue", "light green", "lightcoral", "lightgoldenrod")[1:length(x)]
INFO [2019-01-20 09:21:57] 
INFO [2019-01-20 09:21:57] $alpha
INFO [2019-01-20 09:21:57] [1] 0.5
INFO [2019-01-20 09:21:57] 
INFO [2019-01-20 09:21:57] $scaled
INFO [2019-01-20 09:21:57] T
INFO [2019-01-20 09:21:57] 
INFO [2019-01-20 09:21:57] $category.names
INFO [2019-01-20 09:21:57] category.names
INFO [2019-01-20 09:21:57] 
INFO [2019-01-20 09:21:57] $cat.pos
INFO [2019-01-20 09:21:57] cat.pos
INFO [2019-01-20 09:21:57] 
INFO [2019-01-20 09:21:57] $cat.dist
INFO [2019-01-20 09:21:57] cat.dist
INFO [2019-01-20 09:21:57] 
INFO [2019-01-20 09:21:57] $cex
INFO [2019-01-20 09:21:57] cex
INFO [2019-01-20 09:21:57] 
INFO [2019-01-20 09:21:57] $cat.cex
INFO [2019-01-20 09:21:57] cat.cex
INFO [2019-01-20 09:21:57] 
INFO [2019-01-20 09:21:57] $main.cex
INFO [2019-01-20 09:21:57] main.cex
INFO [2019-01-20 09:21:57] 
INFO [2019-01-20 09:21:57] $sub.cex
INFO [2019-01-20 09:21:57] sub.cex
INFO [2019-01-20 09:21:57] 
INFO [2019-01-20 09:21:57] $fontfamily
INFO [2019-01-20 09:21:57] [1] "sans"
INFO [2019-01-20 09:21:57] 
INFO [2019-01-20 09:21:57] $cat.fontfamily
INFO [2019-01-20 09:21:57] [1] "sans"
INFO [2019-01-20 09:21:57] 
INFO [2019-01-20 09:21:57] $main.fontfamily
INFO [2019-01-20 09:21:57] [1] "sans"
INFO [2019-01-20 09:21:57] 
INFO [2019-01-20 09:21:57] $sub.fontfamily
INFO [2019-01-20 09:21:57] [1] "sans"
INFO [2019-01-20 09:21:57] 
INFO [2019-01-20 09:21:57] $main
INFO [2019-01-20 09:21:57] main
INFO [2019-01-20 09:21:57] 
INFO [2019-01-20 09:21:57] [[19]]
INFO [2019-01-20 09:21:57] ...
INFO [2019-01-20 09:21:57] 
INFO [2019-01-20 09:21:57] [[1]]
INFO [2019-01-20 09:21:57] x
INFO [2019-01-20 09:21:57] 
INFO [2019-01-20 09:21:57] [[2]]
INFO [2019-01-20 09:21:57] NULL
INFO [2019-01-20 09:21:57] 
INFO [2019-01-20 09:21:57] $lty
INFO [2019-01-20 09:21:57] [1] "blank"
INFO [2019-01-20 09:21:57] 
INFO [2019-01-20 09:21:57] $fill
INFO [2019-01-20 09:21:57] c("light blue", "light green", "lightcoral", "lightgoldenrod")[1:length(x)]
INFO [2019-01-20 09:21:57] 
INFO [2019-01-20 09:21:57] $alpha
INFO [2019-01-20 09:21:57] [1] 0.5
INFO [2019-01-20 09:21:57] 
INFO [2019-01-20 09:21:57] $scaled
INFO [2019-01-20 09:21:57] T
INFO [2019-01-20 09:21:57] 
INFO [2019-01-20 09:21:57] $category.names
INFO [2019-01-20 09:21:57] category.names
INFO [2019-01-20 09:21:57] 
INFO [2019-01-20 09:21:57] $cat.pos
INFO [2019-01-20 09:21:57] cat.pos
INFO [2019-01-20 09:21:57] 
INFO [2019-01-20 09:21:57] $cat.dist
INFO [2019-01-20 09:21:57] cat.dist
INFO [2019-01-20 09:21:57] 
INFO [2019-01-20 09:21:57] $cex
INFO [2019-01-20 09:21:57] cex
INFO [2019-01-20 09:21:57] 
INFO [2019-01-20 09:21:57] $cat.cex
INFO [2019-01-20 09:21:57] cat.cex
INFO [2019-01-20 09:21:57] 
INFO [2019-01-20 09:21:57] $main.cex
INFO [2019-01-20 09:21:57] main.cex
INFO [2019-01-20 09:21:57] 
INFO [2019-01-20 09:21:57] $sub.cex
INFO [2019-01-20 09:21:57] sub.cex
INFO [2019-01-20 09:21:57] 
INFO [2019-01-20 09:21:57] $fontfamily
INFO [2019-01-20 09:21:57] [1] "sans"
INFO [2019-01-20 09:21:57] 
INFO [2019-01-20 09:21:57] $cat.fontfamily
INFO [2019-01-20 09:21:57] [1] "sans"
INFO [2019-01-20 09:21:57] 
INFO [2019-01-20 09:21:57] $main.fontfamily
INFO [2019-01-20 09:21:57] [1] "sans"
INFO [2019-01-20 09:21:57] 
INFO [2019-01-20 09:21:57] $sub.fontfamily
INFO [2019-01-20 09:21:57] [1] "sans"
INFO [2019-01-20 09:21:57] 
INFO [2019-01-20 09:21:57] $main
INFO [2019-01-20 09:21:57] main
INFO [2019-01-20 09:21:57] 
INFO [2019-01-20 09:21:57] [[19]]
INFO [2019-01-20 09:21:57] ...
INFO [2019-01-20 09:21:57] 
INFO [2019-01-20 09:21:57] [[1]]
INFO [2019-01-20 09:21:57] x
INFO [2019-01-20 09:21:57] 
INFO [2019-01-20 09:21:57] [[2]]
INFO [2019-01-20 09:21:57] NULL
INFO [2019-01-20 09:21:57] 
INFO [2019-01-20 09:21:57] $lty
INFO [2019-01-20 09:21:57] [1] "blank"
INFO [2019-01-20 09:21:57] 
INFO [2019-01-20 09:21:57] $fill
INFO [2019-01-20 09:21:57] c("light blue", "light green", "lightcoral", "lightgoldenrod")[1:length(x)]
INFO [2019-01-20 09:21:57] 
INFO [2019-01-20 09:21:57] $alpha
INFO [2019-01-20 09:21:57] [1] 0.5
INFO [2019-01-20 09:21:57] 
INFO [2019-01-20 09:21:57] $scaled
INFO [2019-01-20 09:21:57] T
INFO [2019-01-20 09:21:57] 
INFO [2019-01-20 09:21:57] $category.names
INFO [2019-01-20 09:21:57] category.names
INFO [2019-01-20 09:21:57] 
INFO [2019-01-20 09:21:57] $cat.pos
INFO [2019-01-20 09:21:57] cat.pos
INFO [2019-01-20 09:21:57] 
INFO [2019-01-20 09:21:57] $cat.dist
INFO [2019-01-20 09:21:57] cat.dist
INFO [2019-01-20 09:21:57] 
INFO [2019-01-20 09:21:57] $cex
INFO [2019-01-20 09:21:57] cex
INFO [2019-01-20 09:21:57] 
INFO [2019-01-20 09:21:57] $cat.cex
INFO [2019-01-20 09:21:57] cat.cex
INFO [2019-01-20 09:21:57] 
INFO [2019-01-20 09:21:57] $main.cex
INFO [2019-01-20 09:21:57] main.cex
INFO [2019-01-20 09:21:57] 
INFO [2019-01-20 09:21:57] $sub.cex
INFO [2019-01-20 09:21:57] sub.cex
INFO [2019-01-20 09:21:57] 
INFO [2019-01-20 09:21:57] $fontfamily
INFO [2019-01-20 09:21:57] [1] "sans"
INFO [2019-01-20 09:21:57] 
INFO [2019-01-20 09:21:57] $cat.fontfamily
INFO [2019-01-20 09:21:57] [1] "sans"
INFO [2019-01-20 09:21:57] 
INFO [2019-01-20 09:21:57] $main.fontfamily
INFO [2019-01-20 09:21:57] [1] "sans"
INFO [2019-01-20 09:21:57] 
INFO [2019-01-20 09:21:57] $sub.fontfamily
INFO [2019-01-20 09:21:57] [1] "sans"
INFO [2019-01-20 09:21:57] 
INFO [2019-01-20 09:21:57] $main
INFO [2019-01-20 09:21:57] main
INFO [2019-01-20 09:21:57] 
INFO [2019-01-20 09:21:57] [[19]]
INFO [2019-01-20 09:21:57] ...
INFO [2019-01-20 09:21:57] 
INFO [2019-01-20 09:21:57] [[1]]
INFO [2019-01-20 09:21:57] x
INFO [2019-01-20 09:21:57] 
INFO [2019-01-20 09:21:57] [[2]]
INFO [2019-01-20 09:21:57] NULL
INFO [2019-01-20 09:21:57] 
INFO [2019-01-20 09:21:57] $lty
INFO [2019-01-20 09:21:57] [1] "blank"
INFO [2019-01-20 09:21:57] 
INFO [2019-01-20 09:21:57] $fill
INFO [2019-01-20 09:21:57] c("light blue", "light green", "lightcoral", "lightgoldenrod")[1:length(x)]
INFO [2019-01-20 09:21:57] 
INFO [2019-01-20 09:21:57] $alpha
INFO [2019-01-20 09:21:57] [1] 0.5
INFO [2019-01-20 09:21:57] 
INFO [2019-01-20 09:21:57] $scaled
INFO [2019-01-20 09:21:57] T
INFO [2019-01-20 09:21:57] 
INFO [2019-01-20 09:21:57] $category.names
INFO [2019-01-20 09:21:57] category.names
INFO [2019-01-20 09:21:57] 
INFO [2019-01-20 09:21:57] $cat.pos
INFO [2019-01-20 09:21:57] cat.pos
INFO [2019-01-20 09:21:57] 
INFO [2019-01-20 09:21:57] $cat.dist
INFO [2019-01-20 09:21:57] cat.dist
INFO [2019-01-20 09:21:57] 
INFO [2019-01-20 09:21:57] $cex
INFO [2019-01-20 09:21:57] cex
INFO [2019-01-20 09:21:57] 
INFO [2019-01-20 09:21:57] $cat.cex
INFO [2019-01-20 09:21:57] cat.cex
INFO [2019-01-20 09:21:57] 
INFO [2019-01-20 09:21:57] $main.cex
INFO [2019-01-20 09:21:57] main.cex
INFO [2019-01-20 09:21:57] 
INFO [2019-01-20 09:21:57] $sub.cex
INFO [2019-01-20 09:21:57] sub.cex
INFO [2019-01-20 09:21:57] 
INFO [2019-01-20 09:21:57] $fontfamily
INFO [2019-01-20 09:21:57] [1] "sans"
INFO [2019-01-20 09:21:57] 
INFO [2019-01-20 09:21:57] $cat.fontfamily
INFO [2019-01-20 09:21:57] [1] "sans"
INFO [2019-01-20 09:21:57] 
INFO [2019-01-20 09:21:57] $main.fontfamily
INFO [2019-01-20 09:21:57] [1] "sans"
INFO [2019-01-20 09:21:57] 
INFO [2019-01-20 09:21:57] $sub.fontfamily
INFO [2019-01-20 09:21:57] [1] "sans"
INFO [2019-01-20 09:21:57] 
INFO [2019-01-20 09:21:57] $main
INFO [2019-01-20 09:21:57] main
INFO [2019-01-20 09:21:57] 
INFO [2019-01-20 09:21:57] [[19]]
INFO [2019-01-20 09:21:57] ...
INFO [2019-01-20 09:21:57] 
