INFO [2019-01-20 09:22:17] [[1]]
INFO [2019-01-20 09:22:17] x
INFO [2019-01-20 09:22:17] 
INFO [2019-01-20 09:22:17] [[2]]
INFO [2019-01-20 09:22:17] NULL
INFO [2019-01-20 09:22:17] 
INFO [2019-01-20 09:22:17] $lty
INFO [2019-01-20 09:22:17] [1] "blank"
INFO [2019-01-20 09:22:17] 
INFO [2019-01-20 09:22:17] $fill
INFO [2019-01-20 09:22:17] c("light blue", "light green", "lightcoral", "lightgoldenrod")[1:length(x)]
INFO [2019-01-20 09:22:17] 
INFO [2019-01-20 09:22:17] $alpha
INFO [2019-01-20 09:22:17] [1] 0.5
INFO [2019-01-20 09:22:17] 
INFO [2019-01-20 09:22:17] $scaled
INFO [2019-01-20 09:22:17] T
INFO [2019-01-20 09:22:17] 
INFO [2019-01-20 09:22:17] $category.names
INFO [2019-01-20 09:22:17] category.names
INFO [2019-01-20 09:22:17] 
INFO [2019-01-20 09:22:17] $cat.pos
INFO [2019-01-20 09:22:17] cat.pos
INFO [2019-01-20 09:22:17] 
INFO [2019-01-20 09:22:17] $cat.dist
INFO [2019-01-20 09:22:17] cat.dist
INFO [2019-01-20 09:22:17] 
INFO [2019-01-20 09:22:17] $cex
INFO [2019-01-20 09:22:17] cex
INFO [2019-01-20 09:22:17] 
INFO [2019-01-20 09:22:17] $cat.cex
INFO [2019-01-20 09:22:17] cat.cex
INFO [2019-01-20 09:22:17] 
INFO [2019-01-20 09:22:17] $main.cex
INFO [2019-01-20 09:22:17] main.cex
INFO [2019-01-20 09:22:17] 
INFO [2019-01-20 09:22:17] $sub.cex
INFO [2019-01-20 09:22:17] sub.cex
INFO [2019-01-20 09:22:17] 
INFO [2019-01-20 09:22:17] $fontfamily
INFO [2019-01-20 09:22:17] [1] "sans"
INFO [2019-01-20 09:22:17] 
INFO [2019-01-20 09:22:17] $cat.fontfamily
INFO [2019-01-20 09:22:17] [1] "sans"
INFO [2019-01-20 09:22:17] 
INFO [2019-01-20 09:22:17] $main.fontfamily
INFO [2019-01-20 09:22:17] [1] "sans"
INFO [2019-01-20 09:22:17] 
INFO [2019-01-20 09:22:17] $sub.fontfamily
INFO [2019-01-20 09:22:17] [1] "sans"
INFO [2019-01-20 09:22:17] 
INFO [2019-01-20 09:22:17] $main
INFO [2019-01-20 09:22:17] main
INFO [2019-01-20 09:22:17] 
INFO [2019-01-20 09:22:17] [[19]]
INFO [2019-01-20 09:22:17] ...
INFO [2019-01-20 09:22:17] 
INFO [2019-01-20 09:22:17] [[1]]
INFO [2019-01-20 09:22:17] x
INFO [2019-01-20 09:22:17] 
INFO [2019-01-20 09:22:17] [[2]]
INFO [2019-01-20 09:22:17] NULL
INFO [2019-01-20 09:22:17] 
INFO [2019-01-20 09:22:17] $lty
INFO [2019-01-20 09:22:17] [1] "blank"
INFO [2019-01-20 09:22:17] 
INFO [2019-01-20 09:22:17] $fill
INFO [2019-01-20 09:22:17] c("light blue", "light green", "lightcoral", "lightgoldenrod")[1:length(x)]
INFO [2019-01-20 09:22:17] 
INFO [2019-01-20 09:22:17] $alpha
INFO [2019-01-20 09:22:17] [1] 0.5
INFO [2019-01-20 09:22:17] 
INFO [2019-01-20 09:22:17] $scaled
INFO [2019-01-20 09:22:17] T
INFO [2019-01-20 09:22:17] 
INFO [2019-01-20 09:22:17] $category.names
INFO [2019-01-20 09:22:17] category.names
INFO [2019-01-20 09:22:17] 
INFO [2019-01-20 09:22:17] $cat.pos
INFO [2019-01-20 09:22:17] cat.pos
INFO [2019-01-20 09:22:17] 
INFO [2019-01-20 09:22:17] $cat.dist
INFO [2019-01-20 09:22:17] cat.dist
INFO [2019-01-20 09:22:17] 
INFO [2019-01-20 09:22:17] $cex
INFO [2019-01-20 09:22:17] cex
INFO [2019-01-20 09:22:17] 
INFO [2019-01-20 09:22:17] $cat.cex
INFO [2019-01-20 09:22:17] cat.cex
INFO [2019-01-20 09:22:17] 
INFO [2019-01-20 09:22:17] $main.cex
INFO [2019-01-20 09:22:17] main.cex
INFO [2019-01-20 09:22:17] 
INFO [2019-01-20 09:22:17] $sub.cex
INFO [2019-01-20 09:22:17] sub.cex
INFO [2019-01-20 09:22:17] 
INFO [2019-01-20 09:22:17] $fontfamily
INFO [2019-01-20 09:22:17] [1] "sans"
INFO [2019-01-20 09:22:17] 
INFO [2019-01-20 09:22:17] $cat.fontfamily
INFO [2019-01-20 09:22:17] [1] "sans"
INFO [2019-01-20 09:22:17] 
INFO [2019-01-20 09:22:17] $main.fontfamily
INFO [2019-01-20 09:22:17] [1] "sans"
INFO [2019-01-20 09:22:17] 
INFO [2019-01-20 09:22:17] $sub.fontfamily
INFO [2019-01-20 09:22:17] [1] "sans"
INFO [2019-01-20 09:22:17] 
INFO [2019-01-20 09:22:17] $main
INFO [2019-01-20 09:22:17] main
INFO [2019-01-20 09:22:17] 
INFO [2019-01-20 09:22:17] [[19]]
INFO [2019-01-20 09:22:17] ...
INFO [2019-01-20 09:22:17] 
INFO [2019-01-20 09:22:17] [[1]]
INFO [2019-01-20 09:22:17] x
INFO [2019-01-20 09:22:17] 
INFO [2019-01-20 09:22:17] [[2]]
INFO [2019-01-20 09:22:17] NULL
INFO [2019-01-20 09:22:17] 
INFO [2019-01-20 09:22:17] $lty
INFO [2019-01-20 09:22:17] [1] "blank"
INFO [2019-01-20 09:22:17] 
INFO [2019-01-20 09:22:17] $fill
INFO [2019-01-20 09:22:17] c("light blue", "light green", "lightcoral", "lightgoldenrod")[1:length(x)]
INFO [2019-01-20 09:22:17] 
INFO [2019-01-20 09:22:17] $alpha
INFO [2019-01-20 09:22:17] [1] 0.5
INFO [2019-01-20 09:22:17] 
INFO [2019-01-20 09:22:17] $scaled
INFO [2019-01-20 09:22:17] T
INFO [2019-01-20 09:22:17] 
INFO [2019-01-20 09:22:17] $category.names
INFO [2019-01-20 09:22:17] category.names
INFO [2019-01-20 09:22:17] 
INFO [2019-01-20 09:22:17] $cat.pos
INFO [2019-01-20 09:22:17] cat.pos
INFO [2019-01-20 09:22:17] 
INFO [2019-01-20 09:22:17] $cat.dist
INFO [2019-01-20 09:22:17] cat.dist
INFO [2019-01-20 09:22:17] 
INFO [2019-01-20 09:22:17] $cex
INFO [2019-01-20 09:22:17] cex
INFO [2019-01-20 09:22:17] 
INFO [2019-01-20 09:22:17] $cat.cex
INFO [2019-01-20 09:22:17] cat.cex
INFO [2019-01-20 09:22:17] 
INFO [2019-01-20 09:22:17] $main.cex
INFO [2019-01-20 09:22:17] main.cex
INFO [2019-01-20 09:22:17] 
INFO [2019-01-20 09:22:17] $sub.cex
INFO [2019-01-20 09:22:17] sub.cex
INFO [2019-01-20 09:22:17] 
INFO [2019-01-20 09:22:17] $fontfamily
INFO [2019-01-20 09:22:17] [1] "sans"
INFO [2019-01-20 09:22:17] 
INFO [2019-01-20 09:22:17] $cat.fontfamily
INFO [2019-01-20 09:22:17] [1] "sans"
INFO [2019-01-20 09:22:17] 
INFO [2019-01-20 09:22:17] $main.fontfamily
INFO [2019-01-20 09:22:17] [1] "sans"
INFO [2019-01-20 09:22:17] 
INFO [2019-01-20 09:22:17] $sub.fontfamily
INFO [2019-01-20 09:22:17] [1] "sans"
INFO [2019-01-20 09:22:17] 
INFO [2019-01-20 09:22:17] $main
INFO [2019-01-20 09:22:17] main
INFO [2019-01-20 09:22:17] 
INFO [2019-01-20 09:22:17] [[19]]
INFO [2019-01-20 09:22:17] ...
INFO [2019-01-20 09:22:17] 
INFO [2019-01-20 09:22:17] [[1]]
INFO [2019-01-20 09:22:17] x
INFO [2019-01-20 09:22:17] 
INFO [2019-01-20 09:22:17] [[2]]
INFO [2019-01-20 09:22:17] NULL
INFO [2019-01-20 09:22:17] 
INFO [2019-01-20 09:22:17] $lty
INFO [2019-01-20 09:22:17] [1] "blank"
INFO [2019-01-20 09:22:17] 
INFO [2019-01-20 09:22:17] $fill
INFO [2019-01-20 09:22:17] c("light blue", "light green", "lightcoral", "lightgoldenrod")[1:length(x)]
INFO [2019-01-20 09:22:17] 
INFO [2019-01-20 09:22:17] $alpha
INFO [2019-01-20 09:22:17] [1] 0.5
INFO [2019-01-20 09:22:17] 
INFO [2019-01-20 09:22:17] $scaled
INFO [2019-01-20 09:22:17] T
INFO [2019-01-20 09:22:17] 
INFO [2019-01-20 09:22:17] $category.names
INFO [2019-01-20 09:22:17] category.names
INFO [2019-01-20 09:22:17] 
INFO [2019-01-20 09:22:17] $cat.pos
INFO [2019-01-20 09:22:17] cat.pos
INFO [2019-01-20 09:22:17] 
INFO [2019-01-20 09:22:17] $cat.dist
INFO [2019-01-20 09:22:17] cat.dist
INFO [2019-01-20 09:22:17] 
INFO [2019-01-20 09:22:17] $cex
INFO [2019-01-20 09:22:17] cex
INFO [2019-01-20 09:22:17] 
INFO [2019-01-20 09:22:17] $cat.cex
INFO [2019-01-20 09:22:17] cat.cex
INFO [2019-01-20 09:22:17] 
INFO [2019-01-20 09:22:17] $main.cex
INFO [2019-01-20 09:22:17] main.cex
INFO [2019-01-20 09:22:17] 
INFO [2019-01-20 09:22:17] $sub.cex
INFO [2019-01-20 09:22:17] sub.cex
INFO [2019-01-20 09:22:17] 
INFO [2019-01-20 09:22:17] $fontfamily
INFO [2019-01-20 09:22:17] [1] "sans"
INFO [2019-01-20 09:22:17] 
INFO [2019-01-20 09:22:17] $cat.fontfamily
INFO [2019-01-20 09:22:17] [1] "sans"
INFO [2019-01-20 09:22:17] 
INFO [2019-01-20 09:22:17] $main.fontfamily
INFO [2019-01-20 09:22:17] [1] "sans"
INFO [2019-01-20 09:22:17] 
INFO [2019-01-20 09:22:17] $sub.fontfamily
INFO [2019-01-20 09:22:17] [1] "sans"
INFO [2019-01-20 09:22:17] 
INFO [2019-01-20 09:22:17] $main
INFO [2019-01-20 09:22:17] main
INFO [2019-01-20 09:22:17] 
INFO [2019-01-20 09:22:17] [[19]]
INFO [2019-01-20 09:22:17] ...
INFO [2019-01-20 09:22:17] 
INFO [2019-01-20 09:22:17] [[1]]
INFO [2019-01-20 09:22:17] x
INFO [2019-01-20 09:22:17] 
INFO [2019-01-20 09:22:17] [[2]]
INFO [2019-01-20 09:22:17] NULL
INFO [2019-01-20 09:22:17] 
INFO [2019-01-20 09:22:17] $lty
INFO [2019-01-20 09:22:17] [1] "blank"
INFO [2019-01-20 09:22:17] 
INFO [2019-01-20 09:22:17] $fill
INFO [2019-01-20 09:22:17] c("light blue", "light green", "lightcoral", "lightgoldenrod")[1:length(x)]
INFO [2019-01-20 09:22:17] 
INFO [2019-01-20 09:22:17] $alpha
INFO [2019-01-20 09:22:17] [1] 0.5
INFO [2019-01-20 09:22:17] 
INFO [2019-01-20 09:22:17] $scaled
INFO [2019-01-20 09:22:17] T
INFO [2019-01-20 09:22:17] 
INFO [2019-01-20 09:22:17] $category.names
INFO [2019-01-20 09:22:17] category.names
INFO [2019-01-20 09:22:17] 
INFO [2019-01-20 09:22:17] $cat.pos
INFO [2019-01-20 09:22:17] cat.pos
INFO [2019-01-20 09:22:17] 
INFO [2019-01-20 09:22:17] $cat.dist
INFO [2019-01-20 09:22:17] cat.dist
INFO [2019-01-20 09:22:17] 
INFO [2019-01-20 09:22:17] $cex
INFO [2019-01-20 09:22:17] cex
INFO [2019-01-20 09:22:17] 
INFO [2019-01-20 09:22:17] $cat.cex
INFO [2019-01-20 09:22:17] cat.cex
INFO [2019-01-20 09:22:17] 
INFO [2019-01-20 09:22:17] $main.cex
INFO [2019-01-20 09:22:17] main.cex
INFO [2019-01-20 09:22:17] 
INFO [2019-01-20 09:22:17] $sub.cex
INFO [2019-01-20 09:22:17] sub.cex
INFO [2019-01-20 09:22:17] 
INFO [2019-01-20 09:22:17] $fontfamily
INFO [2019-01-20 09:22:17] [1] "sans"
INFO [2019-01-20 09:22:17] 
INFO [2019-01-20 09:22:17] $cat.fontfamily
INFO [2019-01-20 09:22:17] [1] "sans"
INFO [2019-01-20 09:22:17] 
INFO [2019-01-20 09:22:17] $main.fontfamily
INFO [2019-01-20 09:22:17] [1] "sans"
INFO [2019-01-20 09:22:17] 
INFO [2019-01-20 09:22:17] $sub.fontfamily
INFO [2019-01-20 09:22:17] [1] "sans"
INFO [2019-01-20 09:22:17] 
INFO [2019-01-20 09:22:17] $main
INFO [2019-01-20 09:22:17] main
INFO [2019-01-20 09:22:17] 
INFO [2019-01-20 09:22:17] [[19]]
INFO [2019-01-20 09:22:17] ...
INFO [2019-01-20 09:22:17] 
INFO [2019-01-20 09:22:17] [[1]]
INFO [2019-01-20 09:22:17] x
INFO [2019-01-20 09:22:17] 
INFO [2019-01-20 09:22:17] [[2]]
INFO [2019-01-20 09:22:17] NULL
INFO [2019-01-20 09:22:17] 
INFO [2019-01-20 09:22:17] $lty
INFO [2019-01-20 09:22:17] [1] "blank"
INFO [2019-01-20 09:22:17] 
INFO [2019-01-20 09:22:17] $fill
INFO [2019-01-20 09:22:17] c("light blue", "light green", "lightcoral", "lightgoldenrod")[1:length(x)]
INFO [2019-01-20 09:22:17] 
INFO [2019-01-20 09:22:17] $alpha
INFO [2019-01-20 09:22:17] [1] 0.5
INFO [2019-01-20 09:22:17] 
INFO [2019-01-20 09:22:17] $scaled
INFO [2019-01-20 09:22:17] T
INFO [2019-01-20 09:22:17] 
INFO [2019-01-20 09:22:17] $category.names
INFO [2019-01-20 09:22:17] category.names
INFO [2019-01-20 09:22:17] 
INFO [2019-01-20 09:22:17] $cat.pos
INFO [2019-01-20 09:22:17] cat.pos
INFO [2019-01-20 09:22:17] 
INFO [2019-01-20 09:22:17] $cat.dist
INFO [2019-01-20 09:22:17] cat.dist
INFO [2019-01-20 09:22:17] 
INFO [2019-01-20 09:22:17] $cex
INFO [2019-01-20 09:22:17] cex
INFO [2019-01-20 09:22:17] 
INFO [2019-01-20 09:22:17] $cat.cex
INFO [2019-01-20 09:22:17] cat.cex
INFO [2019-01-20 09:22:17] 
INFO [2019-01-20 09:22:17] $main.cex
INFO [2019-01-20 09:22:17] main.cex
INFO [2019-01-20 09:22:17] 
INFO [2019-01-20 09:22:17] $sub.cex
INFO [2019-01-20 09:22:17] sub.cex
INFO [2019-01-20 09:22:17] 
INFO [2019-01-20 09:22:17] $fontfamily
INFO [2019-01-20 09:22:17] [1] "sans"
INFO [2019-01-20 09:22:17] 
INFO [2019-01-20 09:22:17] $cat.fontfamily
INFO [2019-01-20 09:22:17] [1] "sans"
INFO [2019-01-20 09:22:17] 
INFO [2019-01-20 09:22:17] $main.fontfamily
INFO [2019-01-20 09:22:17] [1] "sans"
INFO [2019-01-20 09:22:17] 
INFO [2019-01-20 09:22:17] $sub.fontfamily
INFO [2019-01-20 09:22:17] [1] "sans"
INFO [2019-01-20 09:22:17] 
INFO [2019-01-20 09:22:17] $main
INFO [2019-01-20 09:22:17] main
INFO [2019-01-20 09:22:17] 
INFO [2019-01-20 09:22:17] [[19]]
INFO [2019-01-20 09:22:17] ...
INFO [2019-01-20 09:22:17] 
INFO [2019-01-20 09:22:17] [[1]]
INFO [2019-01-20 09:22:17] x
INFO [2019-01-20 09:22:17] 
INFO [2019-01-20 09:22:17] [[2]]
INFO [2019-01-20 09:22:17] NULL
INFO [2019-01-20 09:22:17] 
INFO [2019-01-20 09:22:17] $lty
INFO [2019-01-20 09:22:17] [1] "blank"
INFO [2019-01-20 09:22:17] 
INFO [2019-01-20 09:22:17] $fill
INFO [2019-01-20 09:22:17] c("light blue", "light green", "lightcoral", "lightgoldenrod")[1:length(x)]
INFO [2019-01-20 09:22:17] 
INFO [2019-01-20 09:22:17] $alpha
INFO [2019-01-20 09:22:17] [1] 0.5
INFO [2019-01-20 09:22:17] 
INFO [2019-01-20 09:22:17] $scaled
INFO [2019-01-20 09:22:17] T
INFO [2019-01-20 09:22:17] 
INFO [2019-01-20 09:22:17] $category.names
INFO [2019-01-20 09:22:17] category.names
INFO [2019-01-20 09:22:17] 
INFO [2019-01-20 09:22:17] $cat.pos
INFO [2019-01-20 09:22:17] cat.pos
INFO [2019-01-20 09:22:17] 
INFO [2019-01-20 09:22:17] $cat.dist
INFO [2019-01-20 09:22:17] cat.dist
INFO [2019-01-20 09:22:17] 
INFO [2019-01-20 09:22:17] $cex
INFO [2019-01-20 09:22:17] cex
INFO [2019-01-20 09:22:17] 
INFO [2019-01-20 09:22:17] $cat.cex
INFO [2019-01-20 09:22:17] cat.cex
INFO [2019-01-20 09:22:17] 
INFO [2019-01-20 09:22:17] $main.cex
INFO [2019-01-20 09:22:17] main.cex
INFO [2019-01-20 09:22:17] 
INFO [2019-01-20 09:22:17] $sub.cex
INFO [2019-01-20 09:22:17] sub.cex
INFO [2019-01-20 09:22:17] 
INFO [2019-01-20 09:22:17] $fontfamily
INFO [2019-01-20 09:22:17] [1] "sans"
INFO [2019-01-20 09:22:17] 
INFO [2019-01-20 09:22:17] $cat.fontfamily
INFO [2019-01-20 09:22:17] [1] "sans"
INFO [2019-01-20 09:22:17] 
INFO [2019-01-20 09:22:17] $main.fontfamily
INFO [2019-01-20 09:22:17] [1] "sans"
INFO [2019-01-20 09:22:17] 
INFO [2019-01-20 09:22:17] $sub.fontfamily
INFO [2019-01-20 09:22:17] [1] "sans"
INFO [2019-01-20 09:22:17] 
INFO [2019-01-20 09:22:17] $main
INFO [2019-01-20 09:22:17] main
INFO [2019-01-20 09:22:17] 
INFO [2019-01-20 09:22:17] [[19]]
INFO [2019-01-20 09:22:17] ...
INFO [2019-01-20 09:22:17] 
INFO [2019-01-20 09:22:17] [[1]]
INFO [2019-01-20 09:22:17] x
INFO [2019-01-20 09:22:17] 
INFO [2019-01-20 09:22:17] [[2]]
INFO [2019-01-20 09:22:17] NULL
INFO [2019-01-20 09:22:17] 
INFO [2019-01-20 09:22:17] $lty
INFO [2019-01-20 09:22:17] [1] "blank"
INFO [2019-01-20 09:22:17] 
INFO [2019-01-20 09:22:17] $fill
INFO [2019-01-20 09:22:17] c("light blue", "light green", "lightcoral", "lightgoldenrod")[1:length(x)]
INFO [2019-01-20 09:22:17] 
INFO [2019-01-20 09:22:17] $alpha
INFO [2019-01-20 09:22:17] [1] 0.5
INFO [2019-01-20 09:22:17] 
INFO [2019-01-20 09:22:17] $scaled
INFO [2019-01-20 09:22:17] T
INFO [2019-01-20 09:22:17] 
INFO [2019-01-20 09:22:17] $category.names
INFO [2019-01-20 09:22:17] category.names
INFO [2019-01-20 09:22:17] 
INFO [2019-01-20 09:22:17] $cat.pos
INFO [2019-01-20 09:22:17] cat.pos
INFO [2019-01-20 09:22:17] 
INFO [2019-01-20 09:22:17] $cat.dist
INFO [2019-01-20 09:22:17] cat.dist
INFO [2019-01-20 09:22:17] 
INFO [2019-01-20 09:22:17] $cex
INFO [2019-01-20 09:22:17] cex
INFO [2019-01-20 09:22:17] 
INFO [2019-01-20 09:22:17] $cat.cex
INFO [2019-01-20 09:22:17] cat.cex
INFO [2019-01-20 09:22:17] 
INFO [2019-01-20 09:22:17] $main.cex
INFO [2019-01-20 09:22:17] main.cex
INFO [2019-01-20 09:22:17] 
INFO [2019-01-20 09:22:17] $sub.cex
INFO [2019-01-20 09:22:17] sub.cex
INFO [2019-01-20 09:22:17] 
INFO [2019-01-20 09:22:17] $fontfamily
INFO [2019-01-20 09:22:17] [1] "sans"
INFO [2019-01-20 09:22:17] 
INFO [2019-01-20 09:22:17] $cat.fontfamily
INFO [2019-01-20 09:22:17] [1] "sans"
INFO [2019-01-20 09:22:17] 
INFO [2019-01-20 09:22:17] $main.fontfamily
INFO [2019-01-20 09:22:17] [1] "sans"
INFO [2019-01-20 09:22:17] 
INFO [2019-01-20 09:22:17] $sub.fontfamily
INFO [2019-01-20 09:22:17] [1] "sans"
INFO [2019-01-20 09:22:17] 
INFO [2019-01-20 09:22:17] $main
INFO [2019-01-20 09:22:17] main
INFO [2019-01-20 09:22:17] 
INFO [2019-01-20 09:22:17] [[19]]
INFO [2019-01-20 09:22:17] ...
INFO [2019-01-20 09:22:17] 
INFO [2019-01-20 09:22:17] [[1]]
INFO [2019-01-20 09:22:17] x
INFO [2019-01-20 09:22:17] 
INFO [2019-01-20 09:22:17] [[2]]
INFO [2019-01-20 09:22:17] NULL
INFO [2019-01-20 09:22:17] 
INFO [2019-01-20 09:22:17] $lty
INFO [2019-01-20 09:22:17] [1] "blank"
INFO [2019-01-20 09:22:17] 
INFO [2019-01-20 09:22:17] $fill
INFO [2019-01-20 09:22:17] c("light blue", "light green", "lightcoral", "lightgoldenrod")[1:length(x)]
INFO [2019-01-20 09:22:17] 
INFO [2019-01-20 09:22:17] $alpha
INFO [2019-01-20 09:22:17] [1] 0.5
INFO [2019-01-20 09:22:17] 
INFO [2019-01-20 09:22:17] $scaled
INFO [2019-01-20 09:22:17] T
INFO [2019-01-20 09:22:17] 
INFO [2019-01-20 09:22:17] $category.names
INFO [2019-01-20 09:22:17] category.names
INFO [2019-01-20 09:22:17] 
INFO [2019-01-20 09:22:17] $cat.pos
INFO [2019-01-20 09:22:17] cat.pos
INFO [2019-01-20 09:22:17] 
INFO [2019-01-20 09:22:17] $cat.dist
INFO [2019-01-20 09:22:17] cat.dist
INFO [2019-01-20 09:22:17] 
INFO [2019-01-20 09:22:17] $cex
INFO [2019-01-20 09:22:17] cex
INFO [2019-01-20 09:22:17] 
INFO [2019-01-20 09:22:17] $cat.cex
INFO [2019-01-20 09:22:17] cat.cex
INFO [2019-01-20 09:22:17] 
INFO [2019-01-20 09:22:17] $main.cex
INFO [2019-01-20 09:22:17] main.cex
INFO [2019-01-20 09:22:17] 
INFO [2019-01-20 09:22:17] $sub.cex
INFO [2019-01-20 09:22:17] sub.cex
INFO [2019-01-20 09:22:17] 
INFO [2019-01-20 09:22:17] $fontfamily
INFO [2019-01-20 09:22:17] [1] "sans"
INFO [2019-01-20 09:22:17] 
INFO [2019-01-20 09:22:17] $cat.fontfamily
INFO [2019-01-20 09:22:17] [1] "sans"
INFO [2019-01-20 09:22:17] 
INFO [2019-01-20 09:22:17] $main.fontfamily
INFO [2019-01-20 09:22:17] [1] "sans"
INFO [2019-01-20 09:22:17] 
INFO [2019-01-20 09:22:17] $sub.fontfamily
INFO [2019-01-20 09:22:17] [1] "sans"
INFO [2019-01-20 09:22:17] 
INFO [2019-01-20 09:22:17] $main
INFO [2019-01-20 09:22:17] main
INFO [2019-01-20 09:22:17] 
INFO [2019-01-20 09:22:17] [[19]]
INFO [2019-01-20 09:22:17] ...
INFO [2019-01-20 09:22:17] 
