INFO [2019-01-20 09:22:21] [[1]]
INFO [2019-01-20 09:22:21] x
INFO [2019-01-20 09:22:21] 
INFO [2019-01-20 09:22:21] [[2]]
INFO [2019-01-20 09:22:21] NULL
INFO [2019-01-20 09:22:21] 
INFO [2019-01-20 09:22:21] $lty
INFO [2019-01-20 09:22:21] [1] "blank"
INFO [2019-01-20 09:22:21] 
INFO [2019-01-20 09:22:21] $fill
INFO [2019-01-20 09:22:21] c("light blue", "light green", "lightcoral", "lightgoldenrod")[1:length(x)]
INFO [2019-01-20 09:22:21] 
INFO [2019-01-20 09:22:21] $alpha
INFO [2019-01-20 09:22:21] [1] 0.5
INFO [2019-01-20 09:22:21] 
INFO [2019-01-20 09:22:21] $scaled
INFO [2019-01-20 09:22:21] T
INFO [2019-01-20 09:22:21] 
INFO [2019-01-20 09:22:21] $category.names
INFO [2019-01-20 09:22:21] category.names
INFO [2019-01-20 09:22:21] 
INFO [2019-01-20 09:22:21] $cat.pos
INFO [2019-01-20 09:22:21] cat.pos
INFO [2019-01-20 09:22:21] 
INFO [2019-01-20 09:22:21] $cat.dist
INFO [2019-01-20 09:22:21] cat.dist
INFO [2019-01-20 09:22:21] 
INFO [2019-01-20 09:22:21] $cex
INFO [2019-01-20 09:22:21] cex
INFO [2019-01-20 09:22:21] 
INFO [2019-01-20 09:22:21] $cat.cex
INFO [2019-01-20 09:22:21] cat.cex
INFO [2019-01-20 09:22:21] 
INFO [2019-01-20 09:22:21] $main.cex
INFO [2019-01-20 09:22:21] main.cex
INFO [2019-01-20 09:22:21] 
INFO [2019-01-20 09:22:21] $sub.cex
INFO [2019-01-20 09:22:21] sub.cex
INFO [2019-01-20 09:22:21] 
INFO [2019-01-20 09:22:21] $fontfamily
INFO [2019-01-20 09:22:21] [1] "sans"
INFO [2019-01-20 09:22:21] 
INFO [2019-01-20 09:22:21] $cat.fontfamily
INFO [2019-01-20 09:22:21] [1] "sans"
INFO [2019-01-20 09:22:21] 
INFO [2019-01-20 09:22:21] $main.fontfamily
INFO [2019-01-20 09:22:21] [1] "sans"
INFO [2019-01-20 09:22:21] 
INFO [2019-01-20 09:22:21] $sub.fontfamily
INFO [2019-01-20 09:22:21] [1] "sans"
INFO [2019-01-20 09:22:21] 
INFO [2019-01-20 09:22:21] $main
INFO [2019-01-20 09:22:21] main
INFO [2019-01-20 09:22:21] 
INFO [2019-01-20 09:22:21] [[19]]
INFO [2019-01-20 09:22:21] ...
INFO [2019-01-20 09:22:21] 
INFO [2019-01-20 09:22:21] [[1]]
INFO [2019-01-20 09:22:21] x
INFO [2019-01-20 09:22:21] 
INFO [2019-01-20 09:22:21] [[2]]
INFO [2019-01-20 09:22:21] NULL
INFO [2019-01-20 09:22:21] 
INFO [2019-01-20 09:22:21] $lty
INFO [2019-01-20 09:22:21] [1] "blank"
INFO [2019-01-20 09:22:21] 
INFO [2019-01-20 09:22:21] $fill
INFO [2019-01-20 09:22:21] c("light blue", "light green", "lightcoral", "lightgoldenrod")[1:length(x)]
INFO [2019-01-20 09:22:21] 
INFO [2019-01-20 09:22:21] $alpha
INFO [2019-01-20 09:22:21] [1] 0.5
INFO [2019-01-20 09:22:21] 
INFO [2019-01-20 09:22:21] $scaled
INFO [2019-01-20 09:22:21] T
INFO [2019-01-20 09:22:21] 
INFO [2019-01-20 09:22:21] $category.names
INFO [2019-01-20 09:22:21] category.names
INFO [2019-01-20 09:22:21] 
INFO [2019-01-20 09:22:21] $cat.pos
INFO [2019-01-20 09:22:21] cat.pos
INFO [2019-01-20 09:22:21] 
INFO [2019-01-20 09:22:21] $cat.dist
INFO [2019-01-20 09:22:21] cat.dist
INFO [2019-01-20 09:22:21] 
INFO [2019-01-20 09:22:21] $cex
INFO [2019-01-20 09:22:21] cex
INFO [2019-01-20 09:22:21] 
INFO [2019-01-20 09:22:21] $cat.cex
INFO [2019-01-20 09:22:21] cat.cex
INFO [2019-01-20 09:22:21] 
INFO [2019-01-20 09:22:21] $main.cex
INFO [2019-01-20 09:22:21] main.cex
INFO [2019-01-20 09:22:21] 
INFO [2019-01-20 09:22:21] $sub.cex
INFO [2019-01-20 09:22:21] sub.cex
INFO [2019-01-20 09:22:21] 
INFO [2019-01-20 09:22:21] $fontfamily
INFO [2019-01-20 09:22:21] [1] "sans"
INFO [2019-01-20 09:22:21] 
INFO [2019-01-20 09:22:21] $cat.fontfamily
INFO [2019-01-20 09:22:21] [1] "sans"
INFO [2019-01-20 09:22:21] 
INFO [2019-01-20 09:22:21] $main.fontfamily
INFO [2019-01-20 09:22:21] [1] "sans"
INFO [2019-01-20 09:22:21] 
INFO [2019-01-20 09:22:21] $sub.fontfamily
INFO [2019-01-20 09:22:21] [1] "sans"
INFO [2019-01-20 09:22:21] 
INFO [2019-01-20 09:22:21] $main
INFO [2019-01-20 09:22:21] main
INFO [2019-01-20 09:22:21] 
INFO [2019-01-20 09:22:21] [[19]]
INFO [2019-01-20 09:22:21] ...
INFO [2019-01-20 09:22:21] 
INFO [2019-01-20 09:22:21] [[1]]
INFO [2019-01-20 09:22:21] x
INFO [2019-01-20 09:22:21] 
INFO [2019-01-20 09:22:21] [[2]]
INFO [2019-01-20 09:22:21] NULL
INFO [2019-01-20 09:22:21] 
INFO [2019-01-20 09:22:21] $lty
INFO [2019-01-20 09:22:21] [1] "blank"
INFO [2019-01-20 09:22:21] 
INFO [2019-01-20 09:22:21] $fill
INFO [2019-01-20 09:22:21] c("light blue", "light green", "lightcoral", "lightgoldenrod")[1:length(x)]
INFO [2019-01-20 09:22:21] 
INFO [2019-01-20 09:22:21] $alpha
INFO [2019-01-20 09:22:21] [1] 0.5
INFO [2019-01-20 09:22:21] 
INFO [2019-01-20 09:22:21] $scaled
INFO [2019-01-20 09:22:21] T
INFO [2019-01-20 09:22:21] 
INFO [2019-01-20 09:22:21] $category.names
INFO [2019-01-20 09:22:21] category.names
INFO [2019-01-20 09:22:21] 
INFO [2019-01-20 09:22:21] $cat.pos
INFO [2019-01-20 09:22:21] cat.pos
INFO [2019-01-20 09:22:21] 
INFO [2019-01-20 09:22:21] $cat.dist
INFO [2019-01-20 09:22:21] cat.dist
INFO [2019-01-20 09:22:21] 
INFO [2019-01-20 09:22:21] $cex
INFO [2019-01-20 09:22:21] cex
INFO [2019-01-20 09:22:21] 
INFO [2019-01-20 09:22:21] $cat.cex
INFO [2019-01-20 09:22:21] cat.cex
INFO [2019-01-20 09:22:21] 
INFO [2019-01-20 09:22:21] $main.cex
INFO [2019-01-20 09:22:21] main.cex
INFO [2019-01-20 09:22:21] 
INFO [2019-01-20 09:22:21] $sub.cex
INFO [2019-01-20 09:22:21] sub.cex
INFO [2019-01-20 09:22:21] 
INFO [2019-01-20 09:22:21] $fontfamily
INFO [2019-01-20 09:22:21] [1] "sans"
INFO [2019-01-20 09:22:21] 
INFO [2019-01-20 09:22:21] $cat.fontfamily
INFO [2019-01-20 09:22:21] [1] "sans"
INFO [2019-01-20 09:22:21] 
INFO [2019-01-20 09:22:21] $main.fontfamily
INFO [2019-01-20 09:22:21] [1] "sans"
INFO [2019-01-20 09:22:21] 
INFO [2019-01-20 09:22:21] $sub.fontfamily
INFO [2019-01-20 09:22:21] [1] "sans"
INFO [2019-01-20 09:22:21] 
INFO [2019-01-20 09:22:21] $main
INFO [2019-01-20 09:22:21] main
INFO [2019-01-20 09:22:21] 
INFO [2019-01-20 09:22:21] [[19]]
INFO [2019-01-20 09:22:21] ...
INFO [2019-01-20 09:22:21] 
INFO [2019-01-20 09:22:21] [[1]]
INFO [2019-01-20 09:22:21] x
INFO [2019-01-20 09:22:21] 
INFO [2019-01-20 09:22:21] [[2]]
INFO [2019-01-20 09:22:21] NULL
INFO [2019-01-20 09:22:21] 
INFO [2019-01-20 09:22:21] $lty
INFO [2019-01-20 09:22:21] [1] "blank"
INFO [2019-01-20 09:22:21] 
INFO [2019-01-20 09:22:21] $fill
INFO [2019-01-20 09:22:21] c("light blue", "light green", "lightcoral", "lightgoldenrod")[1:length(x)]
INFO [2019-01-20 09:22:21] 
INFO [2019-01-20 09:22:21] $alpha
INFO [2019-01-20 09:22:21] [1] 0.5
INFO [2019-01-20 09:22:21] 
INFO [2019-01-20 09:22:21] $scaled
INFO [2019-01-20 09:22:21] T
INFO [2019-01-20 09:22:21] 
INFO [2019-01-20 09:22:21] $category.names
INFO [2019-01-20 09:22:21] category.names
INFO [2019-01-20 09:22:21] 
INFO [2019-01-20 09:22:21] $cat.pos
INFO [2019-01-20 09:22:21] cat.pos
INFO [2019-01-20 09:22:21] 
INFO [2019-01-20 09:22:21] $cat.dist
INFO [2019-01-20 09:22:21] cat.dist
INFO [2019-01-20 09:22:21] 
INFO [2019-01-20 09:22:21] $cex
INFO [2019-01-20 09:22:21] cex
INFO [2019-01-20 09:22:21] 
INFO [2019-01-20 09:22:21] $cat.cex
INFO [2019-01-20 09:22:21] cat.cex
INFO [2019-01-20 09:22:21] 
INFO [2019-01-20 09:22:21] $main.cex
INFO [2019-01-20 09:22:21] main.cex
INFO [2019-01-20 09:22:21] 
INFO [2019-01-20 09:22:21] $sub.cex
INFO [2019-01-20 09:22:21] sub.cex
INFO [2019-01-20 09:22:21] 
INFO [2019-01-20 09:22:21] $fontfamily
INFO [2019-01-20 09:22:21] [1] "sans"
INFO [2019-01-20 09:22:21] 
INFO [2019-01-20 09:22:21] $cat.fontfamily
INFO [2019-01-20 09:22:21] [1] "sans"
INFO [2019-01-20 09:22:21] 
INFO [2019-01-20 09:22:21] $main.fontfamily
INFO [2019-01-20 09:22:21] [1] "sans"
INFO [2019-01-20 09:22:21] 
INFO [2019-01-20 09:22:21] $sub.fontfamily
INFO [2019-01-20 09:22:21] [1] "sans"
INFO [2019-01-20 09:22:21] 
INFO [2019-01-20 09:22:21] $main
INFO [2019-01-20 09:22:21] main
INFO [2019-01-20 09:22:21] 
INFO [2019-01-20 09:22:21] [[19]]
INFO [2019-01-20 09:22:21] ...
INFO [2019-01-20 09:22:21] 
INFO [2019-01-20 09:22:21] [[1]]
INFO [2019-01-20 09:22:21] x
INFO [2019-01-20 09:22:21] 
INFO [2019-01-20 09:22:21] [[2]]
INFO [2019-01-20 09:22:21] NULL
INFO [2019-01-20 09:22:21] 
INFO [2019-01-20 09:22:21] $lty
INFO [2019-01-20 09:22:21] [1] "blank"
INFO [2019-01-20 09:22:21] 
INFO [2019-01-20 09:22:21] $fill
INFO [2019-01-20 09:22:21] c("light blue", "light green", "lightcoral", "lightgoldenrod")[1:length(x)]
INFO [2019-01-20 09:22:21] 
INFO [2019-01-20 09:22:21] $alpha
INFO [2019-01-20 09:22:21] [1] 0.5
INFO [2019-01-20 09:22:21] 
INFO [2019-01-20 09:22:21] $scaled
INFO [2019-01-20 09:22:21] T
INFO [2019-01-20 09:22:21] 
INFO [2019-01-20 09:22:21] $category.names
INFO [2019-01-20 09:22:21] category.names
INFO [2019-01-20 09:22:21] 
INFO [2019-01-20 09:22:21] $cat.pos
INFO [2019-01-20 09:22:21] cat.pos
INFO [2019-01-20 09:22:21] 
INFO [2019-01-20 09:22:21] $cat.dist
INFO [2019-01-20 09:22:21] cat.dist
INFO [2019-01-20 09:22:21] 
INFO [2019-01-20 09:22:21] $cex
INFO [2019-01-20 09:22:21] cex
INFO [2019-01-20 09:22:21] 
INFO [2019-01-20 09:22:21] $cat.cex
INFO [2019-01-20 09:22:21] cat.cex
INFO [2019-01-20 09:22:21] 
INFO [2019-01-20 09:22:21] $main.cex
INFO [2019-01-20 09:22:21] main.cex
INFO [2019-01-20 09:22:21] 
INFO [2019-01-20 09:22:21] $sub.cex
INFO [2019-01-20 09:22:21] sub.cex
INFO [2019-01-20 09:22:21] 
INFO [2019-01-20 09:22:21] $fontfamily
INFO [2019-01-20 09:22:21] [1] "sans"
INFO [2019-01-20 09:22:21] 
INFO [2019-01-20 09:22:21] $cat.fontfamily
INFO [2019-01-20 09:22:21] [1] "sans"
INFO [2019-01-20 09:22:21] 
INFO [2019-01-20 09:22:21] $main.fontfamily
INFO [2019-01-20 09:22:21] [1] "sans"
INFO [2019-01-20 09:22:21] 
INFO [2019-01-20 09:22:21] $sub.fontfamily
INFO [2019-01-20 09:22:21] [1] "sans"
INFO [2019-01-20 09:22:21] 
INFO [2019-01-20 09:22:21] $main
INFO [2019-01-20 09:22:21] main
INFO [2019-01-20 09:22:21] 
INFO [2019-01-20 09:22:21] [[19]]
INFO [2019-01-20 09:22:21] ...
INFO [2019-01-20 09:22:21] 
INFO [2019-01-20 09:22:21] [[1]]
INFO [2019-01-20 09:22:21] x
INFO [2019-01-20 09:22:21] 
INFO [2019-01-20 09:22:21] [[2]]
INFO [2019-01-20 09:22:21] NULL
INFO [2019-01-20 09:22:21] 
INFO [2019-01-20 09:22:21] $lty
INFO [2019-01-20 09:22:21] [1] "blank"
INFO [2019-01-20 09:22:21] 
INFO [2019-01-20 09:22:21] $fill
INFO [2019-01-20 09:22:21] c("light blue", "light green", "lightcoral", "lightgoldenrod")[1:length(x)]
INFO [2019-01-20 09:22:21] 
INFO [2019-01-20 09:22:21] $alpha
INFO [2019-01-20 09:22:21] [1] 0.5
INFO [2019-01-20 09:22:21] 
INFO [2019-01-20 09:22:21] $scaled
INFO [2019-01-20 09:22:21] T
INFO [2019-01-20 09:22:21] 
INFO [2019-01-20 09:22:21] $category.names
INFO [2019-01-20 09:22:21] category.names
INFO [2019-01-20 09:22:21] 
INFO [2019-01-20 09:22:21] $cat.pos
INFO [2019-01-20 09:22:21] cat.pos
INFO [2019-01-20 09:22:21] 
INFO [2019-01-20 09:22:21] $cat.dist
INFO [2019-01-20 09:22:21] cat.dist
INFO [2019-01-20 09:22:21] 
INFO [2019-01-20 09:22:21] $cex
INFO [2019-01-20 09:22:21] cex
INFO [2019-01-20 09:22:21] 
INFO [2019-01-20 09:22:21] $cat.cex
INFO [2019-01-20 09:22:21] cat.cex
INFO [2019-01-20 09:22:21] 
INFO [2019-01-20 09:22:21] $main.cex
INFO [2019-01-20 09:22:21] main.cex
INFO [2019-01-20 09:22:21] 
INFO [2019-01-20 09:22:21] $sub.cex
INFO [2019-01-20 09:22:21] sub.cex
INFO [2019-01-20 09:22:21] 
INFO [2019-01-20 09:22:21] $fontfamily
INFO [2019-01-20 09:22:21] [1] "sans"
INFO [2019-01-20 09:22:21] 
INFO [2019-01-20 09:22:21] $cat.fontfamily
INFO [2019-01-20 09:22:21] [1] "sans"
INFO [2019-01-20 09:22:21] 
INFO [2019-01-20 09:22:21] $main.fontfamily
INFO [2019-01-20 09:22:21] [1] "sans"
INFO [2019-01-20 09:22:21] 
INFO [2019-01-20 09:22:21] $sub.fontfamily
INFO [2019-01-20 09:22:21] [1] "sans"
INFO [2019-01-20 09:22:21] 
INFO [2019-01-20 09:22:21] $main
INFO [2019-01-20 09:22:21] main
INFO [2019-01-20 09:22:21] 
INFO [2019-01-20 09:22:21] [[19]]
INFO [2019-01-20 09:22:21] ...
INFO [2019-01-20 09:22:21] 
