INFO [2019-01-20 09:19:13] [[1]]
INFO [2019-01-20 09:19:13] x
INFO [2019-01-20 09:19:13] 
INFO [2019-01-20 09:19:13] [[2]]
INFO [2019-01-20 09:19:13] NULL
INFO [2019-01-20 09:19:13] 
INFO [2019-01-20 09:19:13] $lty
INFO [2019-01-20 09:19:13] [1] "blank"
INFO [2019-01-20 09:19:13] 
INFO [2019-01-20 09:19:13] $fill
INFO [2019-01-20 09:19:13] c("light blue", "light green", "lightcoral", "lightgoldenrod")[1:length(x)]
INFO [2019-01-20 09:19:13] 
INFO [2019-01-20 09:19:13] $alpha
INFO [2019-01-20 09:19:13] [1] 0.5
INFO [2019-01-20 09:19:13] 
INFO [2019-01-20 09:19:13] $scaled
INFO [2019-01-20 09:19:13] T
INFO [2019-01-20 09:19:13] 
INFO [2019-01-20 09:19:13] $category.names
INFO [2019-01-20 09:19:13] category.names
INFO [2019-01-20 09:19:13] 
INFO [2019-01-20 09:19:13] $cat.pos
INFO [2019-01-20 09:19:13] cat.pos
INFO [2019-01-20 09:19:13] 
INFO [2019-01-20 09:19:13] $cat.dist
INFO [2019-01-20 09:19:13] cat.dist
INFO [2019-01-20 09:19:13] 
INFO [2019-01-20 09:19:13] $cex
INFO [2019-01-20 09:19:13] cex
INFO [2019-01-20 09:19:13] 
INFO [2019-01-20 09:19:13] $cat.cex
INFO [2019-01-20 09:19:13] cat.cex
INFO [2019-01-20 09:19:13] 
INFO [2019-01-20 09:19:13] $main.cex
INFO [2019-01-20 09:19:13] main.cex
INFO [2019-01-20 09:19:13] 
INFO [2019-01-20 09:19:13] $sub.cex
INFO [2019-01-20 09:19:13] sub.cex
INFO [2019-01-20 09:19:13] 
INFO [2019-01-20 09:19:13] $fontfamily
INFO [2019-01-20 09:19:13] [1] "sans"
INFO [2019-01-20 09:19:13] 
INFO [2019-01-20 09:19:13] $cat.fontfamily
INFO [2019-01-20 09:19:13] [1] "sans"
INFO [2019-01-20 09:19:13] 
INFO [2019-01-20 09:19:13] $main.fontfamily
INFO [2019-01-20 09:19:13] [1] "sans"
INFO [2019-01-20 09:19:13] 
INFO [2019-01-20 09:19:13] $sub.fontfamily
INFO [2019-01-20 09:19:13] [1] "sans"
INFO [2019-01-20 09:19:13] 
INFO [2019-01-20 09:19:13] $main
INFO [2019-01-20 09:19:13] main
INFO [2019-01-20 09:19:13] 
INFO [2019-01-20 09:19:13] [[19]]
INFO [2019-01-20 09:19:13] ...
INFO [2019-01-20 09:19:13] 
INFO [2019-01-20 09:19:13] [[1]]
INFO [2019-01-20 09:19:13] x
INFO [2019-01-20 09:19:13] 
INFO [2019-01-20 09:19:13] [[2]]
INFO [2019-01-20 09:19:13] NULL
INFO [2019-01-20 09:19:13] 
INFO [2019-01-20 09:19:13] $lty
INFO [2019-01-20 09:19:13] [1] "blank"
INFO [2019-01-20 09:19:13] 
INFO [2019-01-20 09:19:13] $fill
INFO [2019-01-20 09:19:13] c("light blue", "light green", "lightcoral", "lightgoldenrod")[1:length(x)]
INFO [2019-01-20 09:19:13] 
INFO [2019-01-20 09:19:13] $alpha
INFO [2019-01-20 09:19:13] [1] 0.5
INFO [2019-01-20 09:19:13] 
INFO [2019-01-20 09:19:13] $scaled
INFO [2019-01-20 09:19:13] T
INFO [2019-01-20 09:19:13] 
INFO [2019-01-20 09:19:13] $category.names
INFO [2019-01-20 09:19:13] category.names
INFO [2019-01-20 09:19:13] 
INFO [2019-01-20 09:19:13] $cat.pos
INFO [2019-01-20 09:19:13] cat.pos
INFO [2019-01-20 09:19:13] 
INFO [2019-01-20 09:19:13] $cat.dist
INFO [2019-01-20 09:19:13] cat.dist
INFO [2019-01-20 09:19:13] 
INFO [2019-01-20 09:19:13] $cex
INFO [2019-01-20 09:19:13] cex
INFO [2019-01-20 09:19:13] 
INFO [2019-01-20 09:19:13] $cat.cex
INFO [2019-01-20 09:19:13] cat.cex
INFO [2019-01-20 09:19:13] 
INFO [2019-01-20 09:19:13] $main.cex
INFO [2019-01-20 09:19:13] main.cex
INFO [2019-01-20 09:19:13] 
INFO [2019-01-20 09:19:13] $sub.cex
INFO [2019-01-20 09:19:13] sub.cex
INFO [2019-01-20 09:19:13] 
INFO [2019-01-20 09:19:13] $fontfamily
INFO [2019-01-20 09:19:13] [1] "sans"
INFO [2019-01-20 09:19:13] 
INFO [2019-01-20 09:19:13] $cat.fontfamily
INFO [2019-01-20 09:19:13] [1] "sans"
INFO [2019-01-20 09:19:13] 
INFO [2019-01-20 09:19:13] $main.fontfamily
INFO [2019-01-20 09:19:13] [1] "sans"
INFO [2019-01-20 09:19:13] 
INFO [2019-01-20 09:19:13] $sub.fontfamily
INFO [2019-01-20 09:19:13] [1] "sans"
INFO [2019-01-20 09:19:13] 
INFO [2019-01-20 09:19:13] $main
INFO [2019-01-20 09:19:13] main
INFO [2019-01-20 09:19:13] 
INFO [2019-01-20 09:19:13] [[19]]
INFO [2019-01-20 09:19:13] ...
INFO [2019-01-20 09:19:13] 
INFO [2019-01-20 09:19:13] [[1]]
INFO [2019-01-20 09:19:13] x
INFO [2019-01-20 09:19:13] 
INFO [2019-01-20 09:19:13] [[2]]
INFO [2019-01-20 09:19:13] NULL
INFO [2019-01-20 09:19:13] 
INFO [2019-01-20 09:19:13] $lty
INFO [2019-01-20 09:19:13] [1] "blank"
INFO [2019-01-20 09:19:13] 
INFO [2019-01-20 09:19:13] $fill
INFO [2019-01-20 09:19:13] c("light blue", "light green", "lightcoral", "lightgoldenrod")[1:length(x)]
INFO [2019-01-20 09:19:13] 
INFO [2019-01-20 09:19:13] $alpha
INFO [2019-01-20 09:19:13] [1] 0.5
INFO [2019-01-20 09:19:13] 
INFO [2019-01-20 09:19:13] $scaled
INFO [2019-01-20 09:19:13] T
INFO [2019-01-20 09:19:13] 
INFO [2019-01-20 09:19:13] $category.names
INFO [2019-01-20 09:19:13] category.names
INFO [2019-01-20 09:19:13] 
INFO [2019-01-20 09:19:13] $cat.pos
INFO [2019-01-20 09:19:13] cat.pos
INFO [2019-01-20 09:19:13] 
INFO [2019-01-20 09:19:13] $cat.dist
INFO [2019-01-20 09:19:13] cat.dist
INFO [2019-01-20 09:19:13] 
INFO [2019-01-20 09:19:13] $cex
INFO [2019-01-20 09:19:13] cex
INFO [2019-01-20 09:19:13] 
INFO [2019-01-20 09:19:13] $cat.cex
INFO [2019-01-20 09:19:13] cat.cex
INFO [2019-01-20 09:19:13] 
INFO [2019-01-20 09:19:13] $main.cex
INFO [2019-01-20 09:19:13] main.cex
INFO [2019-01-20 09:19:13] 
INFO [2019-01-20 09:19:13] $sub.cex
INFO [2019-01-20 09:19:13] sub.cex
INFO [2019-01-20 09:19:13] 
INFO [2019-01-20 09:19:13] $fontfamily
INFO [2019-01-20 09:19:13] [1] "sans"
INFO [2019-01-20 09:19:13] 
INFO [2019-01-20 09:19:13] $cat.fontfamily
INFO [2019-01-20 09:19:13] [1] "sans"
INFO [2019-01-20 09:19:13] 
INFO [2019-01-20 09:19:13] $main.fontfamily
INFO [2019-01-20 09:19:13] [1] "sans"
INFO [2019-01-20 09:19:13] 
INFO [2019-01-20 09:19:13] $sub.fontfamily
INFO [2019-01-20 09:19:13] [1] "sans"
INFO [2019-01-20 09:19:13] 
INFO [2019-01-20 09:19:13] $main
INFO [2019-01-20 09:19:13] main
INFO [2019-01-20 09:19:13] 
INFO [2019-01-20 09:19:13] [[19]]
INFO [2019-01-20 09:19:13] ...
INFO [2019-01-20 09:19:13] 
INFO [2019-01-20 09:19:13] [[1]]
INFO [2019-01-20 09:19:13] x
INFO [2019-01-20 09:19:13] 
INFO [2019-01-20 09:19:13] [[2]]
INFO [2019-01-20 09:19:13] NULL
INFO [2019-01-20 09:19:13] 
INFO [2019-01-20 09:19:13] $lty
INFO [2019-01-20 09:19:13] [1] "blank"
INFO [2019-01-20 09:19:13] 
INFO [2019-01-20 09:19:13] $fill
INFO [2019-01-20 09:19:13] c("light blue", "light green", "lightcoral", "lightgoldenrod")[1:length(x)]
INFO [2019-01-20 09:19:13] 
INFO [2019-01-20 09:19:13] $alpha
INFO [2019-01-20 09:19:13] [1] 0.5
INFO [2019-01-20 09:19:13] 
INFO [2019-01-20 09:19:13] $scaled
INFO [2019-01-20 09:19:13] T
INFO [2019-01-20 09:19:13] 
INFO [2019-01-20 09:19:13] $category.names
INFO [2019-01-20 09:19:13] category.names
INFO [2019-01-20 09:19:13] 
INFO [2019-01-20 09:19:13] $cat.pos
INFO [2019-01-20 09:19:13] cat.pos
INFO [2019-01-20 09:19:13] 
INFO [2019-01-20 09:19:13] $cat.dist
INFO [2019-01-20 09:19:13] cat.dist
INFO [2019-01-20 09:19:13] 
INFO [2019-01-20 09:19:13] $cex
INFO [2019-01-20 09:19:13] cex
INFO [2019-01-20 09:19:13] 
INFO [2019-01-20 09:19:13] $cat.cex
INFO [2019-01-20 09:19:13] cat.cex
INFO [2019-01-20 09:19:13] 
INFO [2019-01-20 09:19:13] $main.cex
INFO [2019-01-20 09:19:13] main.cex
INFO [2019-01-20 09:19:13] 
INFO [2019-01-20 09:19:13] $sub.cex
INFO [2019-01-20 09:19:13] sub.cex
INFO [2019-01-20 09:19:13] 
INFO [2019-01-20 09:19:13] $fontfamily
INFO [2019-01-20 09:19:13] [1] "sans"
INFO [2019-01-20 09:19:13] 
INFO [2019-01-20 09:19:13] $cat.fontfamily
INFO [2019-01-20 09:19:13] [1] "sans"
INFO [2019-01-20 09:19:13] 
INFO [2019-01-20 09:19:13] $main.fontfamily
INFO [2019-01-20 09:19:13] [1] "sans"
INFO [2019-01-20 09:19:13] 
INFO [2019-01-20 09:19:13] $sub.fontfamily
INFO [2019-01-20 09:19:13] [1] "sans"
INFO [2019-01-20 09:19:13] 
INFO [2019-01-20 09:19:13] $main
INFO [2019-01-20 09:19:13] main
INFO [2019-01-20 09:19:13] 
INFO [2019-01-20 09:19:13] [[19]]
INFO [2019-01-20 09:19:13] ...
INFO [2019-01-20 09:19:13] 
