INFO [2019-01-20 09:20:48] [[1]]
INFO [2019-01-20 09:20:48] x
INFO [2019-01-20 09:20:48] 
INFO [2019-01-20 09:20:48] [[2]]
INFO [2019-01-20 09:20:48] NULL
INFO [2019-01-20 09:20:48] 
INFO [2019-01-20 09:20:48] $lty
INFO [2019-01-20 09:20:48] [1] "blank"
INFO [2019-01-20 09:20:48] 
INFO [2019-01-20 09:20:48] $fill
INFO [2019-01-20 09:20:48] c("light blue", "light green", "lightcoral", "lightgoldenrod")[1:length(x)]
INFO [2019-01-20 09:20:48] 
INFO [2019-01-20 09:20:48] $alpha
INFO [2019-01-20 09:20:48] [1] 0.5
INFO [2019-01-20 09:20:48] 
INFO [2019-01-20 09:20:48] $scaled
INFO [2019-01-20 09:20:48] T
INFO [2019-01-20 09:20:48] 
INFO [2019-01-20 09:20:48] $category.names
INFO [2019-01-20 09:20:48] category.names
INFO [2019-01-20 09:20:48] 
INFO [2019-01-20 09:20:48] $cat.pos
INFO [2019-01-20 09:20:48] cat.pos
INFO [2019-01-20 09:20:48] 
INFO [2019-01-20 09:20:48] $cat.dist
INFO [2019-01-20 09:20:48] cat.dist
INFO [2019-01-20 09:20:48] 
INFO [2019-01-20 09:20:48] $cex
INFO [2019-01-20 09:20:48] cex
INFO [2019-01-20 09:20:48] 
INFO [2019-01-20 09:20:48] $cat.cex
INFO [2019-01-20 09:20:48] cat.cex
INFO [2019-01-20 09:20:48] 
INFO [2019-01-20 09:20:48] $main.cex
INFO [2019-01-20 09:20:48] main.cex
INFO [2019-01-20 09:20:48] 
INFO [2019-01-20 09:20:48] $sub.cex
INFO [2019-01-20 09:20:48] sub.cex
INFO [2019-01-20 09:20:48] 
INFO [2019-01-20 09:20:48] $fontfamily
INFO [2019-01-20 09:20:48] [1] "sans"
INFO [2019-01-20 09:20:48] 
INFO [2019-01-20 09:20:48] $cat.fontfamily
INFO [2019-01-20 09:20:48] [1] "sans"
INFO [2019-01-20 09:20:48] 
INFO [2019-01-20 09:20:48] $main.fontfamily
INFO [2019-01-20 09:20:48] [1] "sans"
INFO [2019-01-20 09:20:48] 
INFO [2019-01-20 09:20:48] $sub.fontfamily
INFO [2019-01-20 09:20:48] [1] "sans"
INFO [2019-01-20 09:20:48] 
INFO [2019-01-20 09:20:48] $main
INFO [2019-01-20 09:20:48] main
INFO [2019-01-20 09:20:48] 
INFO [2019-01-20 09:20:48] [[19]]
INFO [2019-01-20 09:20:48] ...
INFO [2019-01-20 09:20:48] 
INFO [2019-01-20 09:20:48] [[1]]
INFO [2019-01-20 09:20:48] x
INFO [2019-01-20 09:20:48] 
INFO [2019-01-20 09:20:48] [[2]]
INFO [2019-01-20 09:20:48] NULL
INFO [2019-01-20 09:20:48] 
INFO [2019-01-20 09:20:48] $lty
INFO [2019-01-20 09:20:48] [1] "blank"
INFO [2019-01-20 09:20:48] 
INFO [2019-01-20 09:20:48] $fill
INFO [2019-01-20 09:20:48] c("light blue", "light green", "lightcoral", "lightgoldenrod")[1:length(x)]
INFO [2019-01-20 09:20:48] 
INFO [2019-01-20 09:20:48] $alpha
INFO [2019-01-20 09:20:48] [1] 0.5
INFO [2019-01-20 09:20:48] 
INFO [2019-01-20 09:20:48] $scaled
INFO [2019-01-20 09:20:48] T
INFO [2019-01-20 09:20:48] 
INFO [2019-01-20 09:20:48] $category.names
INFO [2019-01-20 09:20:48] category.names
INFO [2019-01-20 09:20:48] 
INFO [2019-01-20 09:20:48] $cat.pos
INFO [2019-01-20 09:20:48] cat.pos
INFO [2019-01-20 09:20:48] 
INFO [2019-01-20 09:20:48] $cat.dist
INFO [2019-01-20 09:20:48] cat.dist
INFO [2019-01-20 09:20:48] 
INFO [2019-01-20 09:20:48] $cex
INFO [2019-01-20 09:20:48] cex
INFO [2019-01-20 09:20:48] 
INFO [2019-01-20 09:20:48] $cat.cex
INFO [2019-01-20 09:20:48] cat.cex
INFO [2019-01-20 09:20:48] 
INFO [2019-01-20 09:20:48] $main.cex
INFO [2019-01-20 09:20:48] main.cex
INFO [2019-01-20 09:20:48] 
INFO [2019-01-20 09:20:48] $sub.cex
INFO [2019-01-20 09:20:48] sub.cex
INFO [2019-01-20 09:20:48] 
INFO [2019-01-20 09:20:48] $fontfamily
INFO [2019-01-20 09:20:48] [1] "sans"
INFO [2019-01-20 09:20:48] 
INFO [2019-01-20 09:20:48] $cat.fontfamily
INFO [2019-01-20 09:20:48] [1] "sans"
INFO [2019-01-20 09:20:48] 
INFO [2019-01-20 09:20:48] $main.fontfamily
INFO [2019-01-20 09:20:48] [1] "sans"
INFO [2019-01-20 09:20:48] 
INFO [2019-01-20 09:20:48] $sub.fontfamily
INFO [2019-01-20 09:20:48] [1] "sans"
INFO [2019-01-20 09:20:48] 
INFO [2019-01-20 09:20:48] $main
INFO [2019-01-20 09:20:48] main
INFO [2019-01-20 09:20:48] 
INFO [2019-01-20 09:20:48] [[19]]
INFO [2019-01-20 09:20:48] ...
INFO [2019-01-20 09:20:48] 
INFO [2019-01-20 09:20:48] [[1]]
INFO [2019-01-20 09:20:48] x
INFO [2019-01-20 09:20:48] 
INFO [2019-01-20 09:20:48] [[2]]
INFO [2019-01-20 09:20:48] NULL
INFO [2019-01-20 09:20:48] 
INFO [2019-01-20 09:20:48] $lty
INFO [2019-01-20 09:20:48] [1] "blank"
INFO [2019-01-20 09:20:48] 
INFO [2019-01-20 09:20:48] $fill
INFO [2019-01-20 09:20:48] c("light blue", "light green", "lightcoral", "lightgoldenrod")[1:length(x)]
INFO [2019-01-20 09:20:48] 
INFO [2019-01-20 09:20:48] $alpha
INFO [2019-01-20 09:20:48] [1] 0.5
INFO [2019-01-20 09:20:48] 
INFO [2019-01-20 09:20:48] $scaled
INFO [2019-01-20 09:20:48] T
INFO [2019-01-20 09:20:48] 
INFO [2019-01-20 09:20:48] $category.names
INFO [2019-01-20 09:20:48] category.names
INFO [2019-01-20 09:20:48] 
INFO [2019-01-20 09:20:48] $cat.pos
INFO [2019-01-20 09:20:48] cat.pos
INFO [2019-01-20 09:20:48] 
INFO [2019-01-20 09:20:48] $cat.dist
INFO [2019-01-20 09:20:48] cat.dist
INFO [2019-01-20 09:20:48] 
INFO [2019-01-20 09:20:48] $cex
INFO [2019-01-20 09:20:48] cex
INFO [2019-01-20 09:20:48] 
INFO [2019-01-20 09:20:48] $cat.cex
INFO [2019-01-20 09:20:48] cat.cex
INFO [2019-01-20 09:20:48] 
INFO [2019-01-20 09:20:48] $main.cex
INFO [2019-01-20 09:20:48] main.cex
INFO [2019-01-20 09:20:48] 
INFO [2019-01-20 09:20:48] $sub.cex
INFO [2019-01-20 09:20:48] sub.cex
INFO [2019-01-20 09:20:48] 
INFO [2019-01-20 09:20:48] $fontfamily
INFO [2019-01-20 09:20:48] [1] "sans"
INFO [2019-01-20 09:20:48] 
INFO [2019-01-20 09:20:48] $cat.fontfamily
INFO [2019-01-20 09:20:48] [1] "sans"
INFO [2019-01-20 09:20:48] 
INFO [2019-01-20 09:20:48] $main.fontfamily
INFO [2019-01-20 09:20:48] [1] "sans"
INFO [2019-01-20 09:20:48] 
INFO [2019-01-20 09:20:48] $sub.fontfamily
INFO [2019-01-20 09:20:48] [1] "sans"
INFO [2019-01-20 09:20:48] 
INFO [2019-01-20 09:20:48] $main
INFO [2019-01-20 09:20:48] main
INFO [2019-01-20 09:20:48] 
INFO [2019-01-20 09:20:48] [[19]]
INFO [2019-01-20 09:20:48] ...
INFO [2019-01-20 09:20:48] 
INFO [2019-01-20 09:20:48] [[1]]
INFO [2019-01-20 09:20:48] x
INFO [2019-01-20 09:20:48] 
INFO [2019-01-20 09:20:48] [[2]]
INFO [2019-01-20 09:20:48] NULL
INFO [2019-01-20 09:20:48] 
INFO [2019-01-20 09:20:48] $lty
INFO [2019-01-20 09:20:48] [1] "blank"
INFO [2019-01-20 09:20:48] 
INFO [2019-01-20 09:20:48] $fill
INFO [2019-01-20 09:20:48] c("light blue", "light green", "lightcoral", "lightgoldenrod")[1:length(x)]
INFO [2019-01-20 09:20:48] 
INFO [2019-01-20 09:20:48] $alpha
INFO [2019-01-20 09:20:48] [1] 0.5
INFO [2019-01-20 09:20:48] 
INFO [2019-01-20 09:20:48] $scaled
INFO [2019-01-20 09:20:48] T
INFO [2019-01-20 09:20:48] 
INFO [2019-01-20 09:20:48] $category.names
INFO [2019-01-20 09:20:48] category.names
INFO [2019-01-20 09:20:48] 
INFO [2019-01-20 09:20:48] $cat.pos
INFO [2019-01-20 09:20:48] cat.pos
INFO [2019-01-20 09:20:48] 
INFO [2019-01-20 09:20:48] $cat.dist
INFO [2019-01-20 09:20:48] cat.dist
INFO [2019-01-20 09:20:48] 
INFO [2019-01-20 09:20:48] $cex
INFO [2019-01-20 09:20:48] cex
INFO [2019-01-20 09:20:48] 
INFO [2019-01-20 09:20:48] $cat.cex
INFO [2019-01-20 09:20:48] cat.cex
INFO [2019-01-20 09:20:48] 
INFO [2019-01-20 09:20:48] $main.cex
INFO [2019-01-20 09:20:48] main.cex
INFO [2019-01-20 09:20:48] 
INFO [2019-01-20 09:20:48] $sub.cex
INFO [2019-01-20 09:20:48] sub.cex
INFO [2019-01-20 09:20:48] 
INFO [2019-01-20 09:20:48] $fontfamily
INFO [2019-01-20 09:20:48] [1] "sans"
INFO [2019-01-20 09:20:48] 
INFO [2019-01-20 09:20:48] $cat.fontfamily
INFO [2019-01-20 09:20:48] [1] "sans"
INFO [2019-01-20 09:20:48] 
INFO [2019-01-20 09:20:48] $main.fontfamily
INFO [2019-01-20 09:20:48] [1] "sans"
INFO [2019-01-20 09:20:48] 
INFO [2019-01-20 09:20:48] $sub.fontfamily
INFO [2019-01-20 09:20:48] [1] "sans"
INFO [2019-01-20 09:20:48] 
INFO [2019-01-20 09:20:48] $main
INFO [2019-01-20 09:20:48] main
INFO [2019-01-20 09:20:48] 
INFO [2019-01-20 09:20:48] [[19]]
INFO [2019-01-20 09:20:48] ...
INFO [2019-01-20 09:20:48] 
