INFO [2019-01-20 09:20:49] [[1]]
INFO [2019-01-20 09:20:49] x
INFO [2019-01-20 09:20:49] 
INFO [2019-01-20 09:20:49] [[2]]
INFO [2019-01-20 09:20:49] NULL
INFO [2019-01-20 09:20:49] 
INFO [2019-01-20 09:20:49] $lty
INFO [2019-01-20 09:20:49] [1] "blank"
INFO [2019-01-20 09:20:49] 
INFO [2019-01-20 09:20:49] $fill
INFO [2019-01-20 09:20:49] c("light blue", "light green", "lightcoral", "lightgoldenrod")[1:length(x)]
INFO [2019-01-20 09:20:49] 
INFO [2019-01-20 09:20:49] $alpha
INFO [2019-01-20 09:20:49] [1] 0.5
INFO [2019-01-20 09:20:49] 
INFO [2019-01-20 09:20:49] $scaled
INFO [2019-01-20 09:20:49] T
INFO [2019-01-20 09:20:49] 
INFO [2019-01-20 09:20:49] $category.names
INFO [2019-01-20 09:20:49] category.names
INFO [2019-01-20 09:20:49] 
INFO [2019-01-20 09:20:49] $cat.pos
INFO [2019-01-20 09:20:49] cat.pos
INFO [2019-01-20 09:20:49] 
INFO [2019-01-20 09:20:49] $cat.dist
INFO [2019-01-20 09:20:49] cat.dist
INFO [2019-01-20 09:20:49] 
INFO [2019-01-20 09:20:49] $cex
INFO [2019-01-20 09:20:49] cex
INFO [2019-01-20 09:20:49] 
INFO [2019-01-20 09:20:49] $cat.cex
INFO [2019-01-20 09:20:49] cat.cex
INFO [2019-01-20 09:20:49] 
INFO [2019-01-20 09:20:49] $main.cex
INFO [2019-01-20 09:20:49] main.cex
INFO [2019-01-20 09:20:49] 
INFO [2019-01-20 09:20:49] $sub.cex
INFO [2019-01-20 09:20:49] sub.cex
INFO [2019-01-20 09:20:49] 
INFO [2019-01-20 09:20:49] $fontfamily
INFO [2019-01-20 09:20:49] [1] "sans"
INFO [2019-01-20 09:20:49] 
INFO [2019-01-20 09:20:49] $cat.fontfamily
INFO [2019-01-20 09:20:49] [1] "sans"
INFO [2019-01-20 09:20:49] 
INFO [2019-01-20 09:20:49] $main.fontfamily
INFO [2019-01-20 09:20:49] [1] "sans"
INFO [2019-01-20 09:20:49] 
INFO [2019-01-20 09:20:49] $sub.fontfamily
INFO [2019-01-20 09:20:49] [1] "sans"
INFO [2019-01-20 09:20:49] 
INFO [2019-01-20 09:20:49] $main
INFO [2019-01-20 09:20:49] main
INFO [2019-01-20 09:20:49] 
INFO [2019-01-20 09:20:49] [[19]]
INFO [2019-01-20 09:20:49] ...
INFO [2019-01-20 09:20:49] 
INFO [2019-01-20 09:20:49] [[1]]
INFO [2019-01-20 09:20:49] x
INFO [2019-01-20 09:20:49] 
INFO [2019-01-20 09:20:49] [[2]]
INFO [2019-01-20 09:20:49] NULL
INFO [2019-01-20 09:20:49] 
INFO [2019-01-20 09:20:49] $lty
INFO [2019-01-20 09:20:49] [1] "blank"
INFO [2019-01-20 09:20:49] 
INFO [2019-01-20 09:20:49] $fill
INFO [2019-01-20 09:20:49] c("light blue", "light green", "lightcoral", "lightgoldenrod")[1:length(x)]
INFO [2019-01-20 09:20:49] 
INFO [2019-01-20 09:20:49] $alpha
INFO [2019-01-20 09:20:49] [1] 0.5
INFO [2019-01-20 09:20:49] 
INFO [2019-01-20 09:20:49] $scaled
INFO [2019-01-20 09:20:49] T
INFO [2019-01-20 09:20:49] 
INFO [2019-01-20 09:20:49] $category.names
INFO [2019-01-20 09:20:49] category.names
INFO [2019-01-20 09:20:49] 
INFO [2019-01-20 09:20:49] $cat.pos
INFO [2019-01-20 09:20:49] cat.pos
INFO [2019-01-20 09:20:49] 
INFO [2019-01-20 09:20:49] $cat.dist
INFO [2019-01-20 09:20:49] cat.dist
INFO [2019-01-20 09:20:49] 
INFO [2019-01-20 09:20:49] $cex
INFO [2019-01-20 09:20:49] cex
INFO [2019-01-20 09:20:49] 
INFO [2019-01-20 09:20:49] $cat.cex
INFO [2019-01-20 09:20:49] cat.cex
INFO [2019-01-20 09:20:49] 
INFO [2019-01-20 09:20:49] $main.cex
INFO [2019-01-20 09:20:49] main.cex
INFO [2019-01-20 09:20:49] 
INFO [2019-01-20 09:20:49] $sub.cex
INFO [2019-01-20 09:20:49] sub.cex
INFO [2019-01-20 09:20:49] 
INFO [2019-01-20 09:20:49] $fontfamily
INFO [2019-01-20 09:20:49] [1] "sans"
INFO [2019-01-20 09:20:49] 
INFO [2019-01-20 09:20:49] $cat.fontfamily
INFO [2019-01-20 09:20:49] [1] "sans"
INFO [2019-01-20 09:20:49] 
INFO [2019-01-20 09:20:49] $main.fontfamily
INFO [2019-01-20 09:20:49] [1] "sans"
INFO [2019-01-20 09:20:49] 
INFO [2019-01-20 09:20:49] $sub.fontfamily
INFO [2019-01-20 09:20:49] [1] "sans"
INFO [2019-01-20 09:20:49] 
INFO [2019-01-20 09:20:49] $main
INFO [2019-01-20 09:20:49] main
INFO [2019-01-20 09:20:49] 
INFO [2019-01-20 09:20:49] [[19]]
INFO [2019-01-20 09:20:49] ...
INFO [2019-01-20 09:20:49] 
INFO [2019-01-20 09:20:49] [[1]]
INFO [2019-01-20 09:20:49] x
INFO [2019-01-20 09:20:49] 
INFO [2019-01-20 09:20:49] [[2]]
INFO [2019-01-20 09:20:49] NULL
INFO [2019-01-20 09:20:49] 
INFO [2019-01-20 09:20:49] $lty
INFO [2019-01-20 09:20:49] [1] "blank"
INFO [2019-01-20 09:20:49] 
INFO [2019-01-20 09:20:49] $fill
INFO [2019-01-20 09:20:49] c("light blue", "light green", "lightcoral", "lightgoldenrod")[1:length(x)]
INFO [2019-01-20 09:20:49] 
INFO [2019-01-20 09:20:49] $alpha
INFO [2019-01-20 09:20:49] [1] 0.5
INFO [2019-01-20 09:20:49] 
INFO [2019-01-20 09:20:49] $scaled
INFO [2019-01-20 09:20:49] T
INFO [2019-01-20 09:20:49] 
INFO [2019-01-20 09:20:49] $category.names
INFO [2019-01-20 09:20:49] category.names
INFO [2019-01-20 09:20:49] 
INFO [2019-01-20 09:20:49] $cat.pos
INFO [2019-01-20 09:20:49] cat.pos
INFO [2019-01-20 09:20:49] 
INFO [2019-01-20 09:20:49] $cat.dist
INFO [2019-01-20 09:20:49] cat.dist
INFO [2019-01-20 09:20:49] 
INFO [2019-01-20 09:20:49] $cex
INFO [2019-01-20 09:20:49] cex
INFO [2019-01-20 09:20:49] 
INFO [2019-01-20 09:20:49] $cat.cex
INFO [2019-01-20 09:20:49] cat.cex
INFO [2019-01-20 09:20:49] 
INFO [2019-01-20 09:20:49] $main.cex
INFO [2019-01-20 09:20:49] main.cex
INFO [2019-01-20 09:20:49] 
INFO [2019-01-20 09:20:49] $sub.cex
INFO [2019-01-20 09:20:49] sub.cex
INFO [2019-01-20 09:20:49] 
INFO [2019-01-20 09:20:49] $fontfamily
INFO [2019-01-20 09:20:49] [1] "sans"
INFO [2019-01-20 09:20:49] 
INFO [2019-01-20 09:20:49] $cat.fontfamily
INFO [2019-01-20 09:20:49] [1] "sans"
INFO [2019-01-20 09:20:49] 
INFO [2019-01-20 09:20:49] $main.fontfamily
INFO [2019-01-20 09:20:49] [1] "sans"
INFO [2019-01-20 09:20:49] 
INFO [2019-01-20 09:20:49] $sub.fontfamily
INFO [2019-01-20 09:20:49] [1] "sans"
INFO [2019-01-20 09:20:49] 
INFO [2019-01-20 09:20:49] $main
INFO [2019-01-20 09:20:49] main
INFO [2019-01-20 09:20:49] 
INFO [2019-01-20 09:20:49] [[19]]
INFO [2019-01-20 09:20:49] ...
INFO [2019-01-20 09:20:49] 
INFO [2019-01-20 09:20:49] [[1]]
INFO [2019-01-20 09:20:49] x
INFO [2019-01-20 09:20:49] 
INFO [2019-01-20 09:20:49] [[2]]
INFO [2019-01-20 09:20:49] NULL
INFO [2019-01-20 09:20:49] 
INFO [2019-01-20 09:20:49] $lty
INFO [2019-01-20 09:20:49] [1] "blank"
INFO [2019-01-20 09:20:49] 
INFO [2019-01-20 09:20:49] $fill
INFO [2019-01-20 09:20:49] c("light blue", "light green", "lightcoral", "lightgoldenrod")[1:length(x)]
INFO [2019-01-20 09:20:49] 
INFO [2019-01-20 09:20:49] $alpha
INFO [2019-01-20 09:20:49] [1] 0.5
INFO [2019-01-20 09:20:49] 
INFO [2019-01-20 09:20:49] $scaled
INFO [2019-01-20 09:20:49] T
INFO [2019-01-20 09:20:49] 
INFO [2019-01-20 09:20:49] $category.names
INFO [2019-01-20 09:20:49] category.names
INFO [2019-01-20 09:20:49] 
INFO [2019-01-20 09:20:49] $cat.pos
INFO [2019-01-20 09:20:49] cat.pos
INFO [2019-01-20 09:20:49] 
INFO [2019-01-20 09:20:49] $cat.dist
INFO [2019-01-20 09:20:49] cat.dist
INFO [2019-01-20 09:20:49] 
INFO [2019-01-20 09:20:49] $cex
INFO [2019-01-20 09:20:49] cex
INFO [2019-01-20 09:20:49] 
INFO [2019-01-20 09:20:49] $cat.cex
INFO [2019-01-20 09:20:49] cat.cex
INFO [2019-01-20 09:20:49] 
INFO [2019-01-20 09:20:49] $main.cex
INFO [2019-01-20 09:20:49] main.cex
INFO [2019-01-20 09:20:49] 
INFO [2019-01-20 09:20:49] $sub.cex
INFO [2019-01-20 09:20:49] sub.cex
INFO [2019-01-20 09:20:49] 
INFO [2019-01-20 09:20:49] $fontfamily
INFO [2019-01-20 09:20:49] [1] "sans"
INFO [2019-01-20 09:20:49] 
INFO [2019-01-20 09:20:49] $cat.fontfamily
INFO [2019-01-20 09:20:49] [1] "sans"
INFO [2019-01-20 09:20:49] 
INFO [2019-01-20 09:20:49] $main.fontfamily
INFO [2019-01-20 09:20:49] [1] "sans"
INFO [2019-01-20 09:20:49] 
INFO [2019-01-20 09:20:49] $sub.fontfamily
INFO [2019-01-20 09:20:49] [1] "sans"
INFO [2019-01-20 09:20:49] 
INFO [2019-01-20 09:20:49] $main
INFO [2019-01-20 09:20:49] main
INFO [2019-01-20 09:20:49] 
INFO [2019-01-20 09:20:49] [[19]]
INFO [2019-01-20 09:20:49] ...
INFO [2019-01-20 09:20:49] 
