INFO [2019-01-20 09:19:15] [[1]]
INFO [2019-01-20 09:19:15] x
INFO [2019-01-20 09:19:15] 
INFO [2019-01-20 09:19:15] [[2]]
INFO [2019-01-20 09:19:15] NULL
INFO [2019-01-20 09:19:15] 
INFO [2019-01-20 09:19:15] $lty
INFO [2019-01-20 09:19:15] [1] "blank"
INFO [2019-01-20 09:19:15] 
INFO [2019-01-20 09:19:15] $fill
INFO [2019-01-20 09:19:15] c("light blue", "light green", "lightcoral", "lightgoldenrod")[1:length(x)]
INFO [2019-01-20 09:19:15] 
INFO [2019-01-20 09:19:15] $alpha
INFO [2019-01-20 09:19:15] [1] 0.5
INFO [2019-01-20 09:19:15] 
INFO [2019-01-20 09:19:15] $scaled
INFO [2019-01-20 09:19:15] T
INFO [2019-01-20 09:19:15] 
INFO [2019-01-20 09:19:15] $category.names
INFO [2019-01-20 09:19:15] category.names
INFO [2019-01-20 09:19:15] 
INFO [2019-01-20 09:19:15] $cat.pos
INFO [2019-01-20 09:19:15] cat.pos
INFO [2019-01-20 09:19:15] 
INFO [2019-01-20 09:19:15] $cat.dist
INFO [2019-01-20 09:19:15] cat.dist
INFO [2019-01-20 09:19:15] 
INFO [2019-01-20 09:19:15] $cex
INFO [2019-01-20 09:19:15] cex
INFO [2019-01-20 09:19:15] 
INFO [2019-01-20 09:19:15] $cat.cex
INFO [2019-01-20 09:19:15] cat.cex
INFO [2019-01-20 09:19:15] 
INFO [2019-01-20 09:19:15] $main.cex
INFO [2019-01-20 09:19:15] main.cex
INFO [2019-01-20 09:19:15] 
INFO [2019-01-20 09:19:15] $sub.cex
INFO [2019-01-20 09:19:15] sub.cex
INFO [2019-01-20 09:19:15] 
INFO [2019-01-20 09:19:15] $fontfamily
INFO [2019-01-20 09:19:15] [1] "sans"
INFO [2019-01-20 09:19:15] 
INFO [2019-01-20 09:19:15] $cat.fontfamily
INFO [2019-01-20 09:19:15] [1] "sans"
INFO [2019-01-20 09:19:15] 
INFO [2019-01-20 09:19:15] $main.fontfamily
INFO [2019-01-20 09:19:15] [1] "sans"
INFO [2019-01-20 09:19:15] 
INFO [2019-01-20 09:19:15] $sub.fontfamily
INFO [2019-01-20 09:19:15] [1] "sans"
INFO [2019-01-20 09:19:15] 
INFO [2019-01-20 09:19:15] $main
INFO [2019-01-20 09:19:15] main
INFO [2019-01-20 09:19:15] 
INFO [2019-01-20 09:19:15] [[19]]
INFO [2019-01-20 09:19:15] ...
INFO [2019-01-20 09:19:15] 
INFO [2019-01-20 09:19:15] [[1]]
INFO [2019-01-20 09:19:15] x
INFO [2019-01-20 09:19:15] 
INFO [2019-01-20 09:19:15] [[2]]
INFO [2019-01-20 09:19:15] NULL
INFO [2019-01-20 09:19:15] 
INFO [2019-01-20 09:19:15] $lty
INFO [2019-01-20 09:19:15] [1] "blank"
INFO [2019-01-20 09:19:15] 
INFO [2019-01-20 09:19:15] $fill
INFO [2019-01-20 09:19:15] c("light blue", "light green", "lightcoral", "lightgoldenrod")[1:length(x)]
INFO [2019-01-20 09:19:15] 
INFO [2019-01-20 09:19:15] $alpha
INFO [2019-01-20 09:19:15] [1] 0.5
INFO [2019-01-20 09:19:15] 
INFO [2019-01-20 09:19:15] $scaled
INFO [2019-01-20 09:19:15] T
INFO [2019-01-20 09:19:15] 
INFO [2019-01-20 09:19:15] $category.names
INFO [2019-01-20 09:19:15] category.names
INFO [2019-01-20 09:19:15] 
INFO [2019-01-20 09:19:15] $cat.pos
INFO [2019-01-20 09:19:15] cat.pos
INFO [2019-01-20 09:19:15] 
INFO [2019-01-20 09:19:15] $cat.dist
INFO [2019-01-20 09:19:15] cat.dist
INFO [2019-01-20 09:19:15] 
INFO [2019-01-20 09:19:15] $cex
INFO [2019-01-20 09:19:15] cex
INFO [2019-01-20 09:19:15] 
INFO [2019-01-20 09:19:15] $cat.cex
INFO [2019-01-20 09:19:15] cat.cex
INFO [2019-01-20 09:19:15] 
INFO [2019-01-20 09:19:15] $main.cex
INFO [2019-01-20 09:19:15] main.cex
INFO [2019-01-20 09:19:15] 
INFO [2019-01-20 09:19:15] $sub.cex
INFO [2019-01-20 09:19:15] sub.cex
INFO [2019-01-20 09:19:15] 
INFO [2019-01-20 09:19:15] $fontfamily
INFO [2019-01-20 09:19:15] [1] "sans"
INFO [2019-01-20 09:19:15] 
INFO [2019-01-20 09:19:15] $cat.fontfamily
INFO [2019-01-20 09:19:15] [1] "sans"
INFO [2019-01-20 09:19:15] 
INFO [2019-01-20 09:19:15] $main.fontfamily
INFO [2019-01-20 09:19:15] [1] "sans"
INFO [2019-01-20 09:19:15] 
INFO [2019-01-20 09:19:15] $sub.fontfamily
INFO [2019-01-20 09:19:15] [1] "sans"
INFO [2019-01-20 09:19:15] 
INFO [2019-01-20 09:19:15] $main
INFO [2019-01-20 09:19:15] main
INFO [2019-01-20 09:19:15] 
INFO [2019-01-20 09:19:15] [[19]]
INFO [2019-01-20 09:19:15] ...
INFO [2019-01-20 09:19:15] 
INFO [2019-01-20 09:19:15] [[1]]
INFO [2019-01-20 09:19:15] x
INFO [2019-01-20 09:19:15] 
INFO [2019-01-20 09:19:15] [[2]]
INFO [2019-01-20 09:19:15] NULL
INFO [2019-01-20 09:19:15] 
INFO [2019-01-20 09:19:15] $lty
INFO [2019-01-20 09:19:15] [1] "blank"
INFO [2019-01-20 09:19:15] 
INFO [2019-01-20 09:19:15] $fill
INFO [2019-01-20 09:19:15] c("light blue", "light green", "lightcoral", "lightgoldenrod")[1:length(x)]
INFO [2019-01-20 09:19:15] 
INFO [2019-01-20 09:19:15] $alpha
INFO [2019-01-20 09:19:15] [1] 0.5
INFO [2019-01-20 09:19:15] 
INFO [2019-01-20 09:19:15] $scaled
INFO [2019-01-20 09:19:15] T
INFO [2019-01-20 09:19:15] 
INFO [2019-01-20 09:19:15] $category.names
INFO [2019-01-20 09:19:15] category.names
INFO [2019-01-20 09:19:15] 
INFO [2019-01-20 09:19:15] $cat.pos
INFO [2019-01-20 09:19:15] cat.pos
INFO [2019-01-20 09:19:15] 
INFO [2019-01-20 09:19:15] $cat.dist
INFO [2019-01-20 09:19:15] cat.dist
INFO [2019-01-20 09:19:15] 
INFO [2019-01-20 09:19:15] $cex
INFO [2019-01-20 09:19:15] cex
INFO [2019-01-20 09:19:15] 
INFO [2019-01-20 09:19:15] $cat.cex
INFO [2019-01-20 09:19:15] cat.cex
INFO [2019-01-20 09:19:15] 
INFO [2019-01-20 09:19:15] $main.cex
INFO [2019-01-20 09:19:15] main.cex
INFO [2019-01-20 09:19:15] 
INFO [2019-01-20 09:19:15] $sub.cex
INFO [2019-01-20 09:19:15] sub.cex
INFO [2019-01-20 09:19:15] 
INFO [2019-01-20 09:19:15] $fontfamily
INFO [2019-01-20 09:19:15] [1] "sans"
INFO [2019-01-20 09:19:15] 
INFO [2019-01-20 09:19:15] $cat.fontfamily
INFO [2019-01-20 09:19:15] [1] "sans"
INFO [2019-01-20 09:19:15] 
INFO [2019-01-20 09:19:15] $main.fontfamily
INFO [2019-01-20 09:19:15] [1] "sans"
INFO [2019-01-20 09:19:15] 
INFO [2019-01-20 09:19:15] $sub.fontfamily
INFO [2019-01-20 09:19:15] [1] "sans"
INFO [2019-01-20 09:19:15] 
INFO [2019-01-20 09:19:15] $main
INFO [2019-01-20 09:19:15] main
INFO [2019-01-20 09:19:15] 
INFO [2019-01-20 09:19:15] [[19]]
INFO [2019-01-20 09:19:15] ...
INFO [2019-01-20 09:19:15] 
INFO [2019-01-20 09:19:15] [[1]]
INFO [2019-01-20 09:19:15] x
INFO [2019-01-20 09:19:15] 
INFO [2019-01-20 09:19:15] [[2]]
INFO [2019-01-20 09:19:15] NULL
INFO [2019-01-20 09:19:15] 
INFO [2019-01-20 09:19:15] $lty
INFO [2019-01-20 09:19:15] [1] "blank"
INFO [2019-01-20 09:19:15] 
INFO [2019-01-20 09:19:15] $fill
INFO [2019-01-20 09:19:15] c("light blue", "light green", "lightcoral", "lightgoldenrod")[1:length(x)]
INFO [2019-01-20 09:19:15] 
INFO [2019-01-20 09:19:15] $alpha
INFO [2019-01-20 09:19:15] [1] 0.5
INFO [2019-01-20 09:19:15] 
INFO [2019-01-20 09:19:15] $scaled
INFO [2019-01-20 09:19:15] T
INFO [2019-01-20 09:19:15] 
INFO [2019-01-20 09:19:15] $category.names
INFO [2019-01-20 09:19:15] category.names
INFO [2019-01-20 09:19:15] 
INFO [2019-01-20 09:19:15] $cat.pos
INFO [2019-01-20 09:19:15] cat.pos
INFO [2019-01-20 09:19:15] 
INFO [2019-01-20 09:19:15] $cat.dist
INFO [2019-01-20 09:19:15] cat.dist
INFO [2019-01-20 09:19:15] 
INFO [2019-01-20 09:19:15] $cex
INFO [2019-01-20 09:19:15] cex
INFO [2019-01-20 09:19:15] 
INFO [2019-01-20 09:19:15] $cat.cex
INFO [2019-01-20 09:19:15] cat.cex
INFO [2019-01-20 09:19:15] 
INFO [2019-01-20 09:19:15] $main.cex
INFO [2019-01-20 09:19:15] main.cex
INFO [2019-01-20 09:19:15] 
INFO [2019-01-20 09:19:15] $sub.cex
INFO [2019-01-20 09:19:15] sub.cex
INFO [2019-01-20 09:19:15] 
INFO [2019-01-20 09:19:15] $fontfamily
INFO [2019-01-20 09:19:15] [1] "sans"
INFO [2019-01-20 09:19:15] 
INFO [2019-01-20 09:19:15] $cat.fontfamily
INFO [2019-01-20 09:19:15] [1] "sans"
INFO [2019-01-20 09:19:15] 
INFO [2019-01-20 09:19:15] $main.fontfamily
INFO [2019-01-20 09:19:15] [1] "sans"
INFO [2019-01-20 09:19:15] 
INFO [2019-01-20 09:19:15] $sub.fontfamily
INFO [2019-01-20 09:19:15] [1] "sans"
INFO [2019-01-20 09:19:15] 
INFO [2019-01-20 09:19:15] $main
INFO [2019-01-20 09:19:15] main
INFO [2019-01-20 09:19:15] 
INFO [2019-01-20 09:19:15] [[19]]
INFO [2019-01-20 09:19:15] ...
INFO [2019-01-20 09:19:15] 
