INFO [2019-01-20 09:22:16] [[1]]
INFO [2019-01-20 09:22:16] x
INFO [2019-01-20 09:22:16] 
INFO [2019-01-20 09:22:16] [[2]]
INFO [2019-01-20 09:22:16] NULL
INFO [2019-01-20 09:22:16] 
INFO [2019-01-20 09:22:16] $lty
INFO [2019-01-20 09:22:16] [1] "blank"
INFO [2019-01-20 09:22:16] 
INFO [2019-01-20 09:22:16] $fill
INFO [2019-01-20 09:22:16] c("light blue", "light green", "lightcoral", "lightgoldenrod")[1:length(x)]
INFO [2019-01-20 09:22:16] 
INFO [2019-01-20 09:22:16] $alpha
INFO [2019-01-20 09:22:16] [1] 0.5
INFO [2019-01-20 09:22:16] 
INFO [2019-01-20 09:22:16] $scaled
INFO [2019-01-20 09:22:16] T
INFO [2019-01-20 09:22:16] 
INFO [2019-01-20 09:22:16] $category.names
INFO [2019-01-20 09:22:16] category.names
INFO [2019-01-20 09:22:16] 
INFO [2019-01-20 09:22:16] $cat.pos
INFO [2019-01-20 09:22:16] cat.pos
INFO [2019-01-20 09:22:16] 
INFO [2019-01-20 09:22:16] $cat.dist
INFO [2019-01-20 09:22:16] cat.dist
INFO [2019-01-20 09:22:16] 
INFO [2019-01-20 09:22:16] $cex
INFO [2019-01-20 09:22:16] cex
INFO [2019-01-20 09:22:16] 
INFO [2019-01-20 09:22:16] $cat.cex
INFO [2019-01-20 09:22:16] cat.cex
INFO [2019-01-20 09:22:16] 
INFO [2019-01-20 09:22:16] $main.cex
INFO [2019-01-20 09:22:16] main.cex
INFO [2019-01-20 09:22:16] 
INFO [2019-01-20 09:22:16] $sub.cex
INFO [2019-01-20 09:22:16] sub.cex
INFO [2019-01-20 09:22:16] 
INFO [2019-01-20 09:22:16] $fontfamily
INFO [2019-01-20 09:22:16] [1] "sans"
INFO [2019-01-20 09:22:16] 
INFO [2019-01-20 09:22:16] $cat.fontfamily
INFO [2019-01-20 09:22:16] [1] "sans"
INFO [2019-01-20 09:22:16] 
INFO [2019-01-20 09:22:16] $main.fontfamily
INFO [2019-01-20 09:22:16] [1] "sans"
INFO [2019-01-20 09:22:16] 
INFO [2019-01-20 09:22:16] $sub.fontfamily
INFO [2019-01-20 09:22:16] [1] "sans"
INFO [2019-01-20 09:22:16] 
INFO [2019-01-20 09:22:16] $main
INFO [2019-01-20 09:22:16] main
INFO [2019-01-20 09:22:16] 
INFO [2019-01-20 09:22:16] [[19]]
INFO [2019-01-20 09:22:16] ...
INFO [2019-01-20 09:22:16] 
